<?xml version="1.0" encoding="UTF-8"?>
<testsuite name="tests.WebQuizEngineTest" tests="1" skipped="0" failures="0" errors="0" timestamp="2020-12-14T03:40:01" hostname="LIUTAO2" time="33.121">
  <properties/>
  <testcase name="start" classname="tests.WebQuizEngineTest" time="33.121"/>
  <system-out><![CDATA[?[1;31m
Start test 1?[0m

  .   ____          _            __ _ _
 /\\ / ___'_ __ _ _(_)_ __  __ _ \ \ \ \
( ( )\___ | '_ | '_| | '_ \/ _` | \ \ \ \
 \\/  ___)| |_)| | | | | || (_| |  ) ) ) )
  '  |____| .__|_| |_|_| |_\__, | / / / /
 =========|_|==============|___/=/_/_/_/
 :: Spring Boot ::        (v2.2.2.RELEASE)

2020-12-14 11:40:02.472  INFO 9984 --- [    Test worker] engine.WebQuizEngine                     : Starting WebQuizEngine on liutao2 with PID 9984 (started by lt in C:\Users\lt\IdeaProjects\Web Quiz Engine\Web Quiz Engine\task)
2020-12-14 11:40:02.476  INFO 9984 --- [    Test worker] engine.WebQuizEngine                     : No active profile set, falling back to default profiles: default
2020-12-14 11:40:03.608  INFO 9984 --- [    Test worker] .s.d.r.c.RepositoryConfigurationDelegate : Bootstrapping Spring Data JPA repositories in DEFAULT mode.
2020-12-14 11:40:03.702  INFO 9984 --- [    Test worker] .s.d.r.c.RepositoryConfigurationDelegate : Finished Spring Data repository scanning in 83ms. Found 3 JPA repository interfaces.
2020-12-14 11:40:04.148  INFO 9984 --- [    Test worker] trationDelegate$BeanPostProcessorChecker : Bean 'org.springframework.transaction.annotation.ProxyTransactionManagementConfiguration' of type [org.springframework.transaction.annotation.ProxyTransactionManagementConfiguration] is not eligible for getting processed by all BeanPostProcessors (for example: not eligible for auto-proxying)
2020-12-14 11:40:04.463  INFO 9984 --- [    Test worker] o.s.b.w.embedded.tomcat.TomcatWebServer  : Tomcat initialized with port(s): 8889 (http)
2020-12-14 11:40:04.479  INFO 9984 --- [    Test worker] o.apache.catalina.core.StandardService   : Starting service [Tomcat]
2020-12-14 11:40:04.480  INFO 9984 --- [    Test worker] org.apache.catalina.core.StandardEngine  : Starting Servlet engine: [Apache Tomcat/9.0.29]
2020-12-14 11:40:04.608  INFO 9984 --- [    Test worker] o.a.c.c.C.[Tomcat].[localhost].[/]       : Initializing Spring embedded WebApplicationContext
2020-12-14 11:40:04.608  INFO 9984 --- [    Test worker] o.s.web.context.ContextLoader            : Root WebApplicationContext: initialization completed in 2072 ms
2020-12-14 11:40:04.755  INFO 9984 --- [    Test worker] com.zaxxer.hikari.HikariDataSource       : HikariPool-1 - Starting...
2020-12-14 11:40:04.964  INFO 9984 --- [    Test worker] com.zaxxer.hikari.HikariDataSource       : HikariPool-1 - Start completed.
2020-12-14 11:40:04.972  INFO 9984 --- [    Test worker] o.s.b.a.h2.H2ConsoleAutoConfiguration    : H2 console available at '/h2-console'. Database available at 'jdbc:h2:file:../quizdb'
2020-12-14 11:40:05.299  INFO 9984 --- [    Test worker] o.hibernate.jpa.internal.util.LogHelper  : HHH000204: Processing PersistenceUnitInfo [name: default]
2020-12-14 11:40:05.388  INFO 9984 --- [    Test worker] org.hibernate.Version                    : HHH000412: Hibernate Core {5.4.9.Final}
2020-12-14 11:40:05.596  INFO 9984 --- [    Test worker] o.hibernate.annotations.common.Version   : HCANN000001: Hibernate Commons Annotations {5.1.0.Final}
2020-12-14 11:40:05.747  INFO 9984 --- [    Test worker] org.hibernate.dialect.Dialect            : HHH000400: Using dialect: org.hibernate.dialect.H2Dialect
Hibernate: create table completions (completionid integer not null, completed_at timestamp, id integer, userid integer, primary key (completionid))
Hibernate: create table quizzes (id integer not null, answer binary(255), options binary(255), text varchar(255) not null, title varchar(255) not null, userid integer, primary key (id))
Hibernate: create table users (id integer not null, email varchar(255), password varchar(255), primary key (id))
Hibernate: create sequence hibernate_sequence start with 1 increment by 1
Hibernate: alter table completions add constraint FKg700tqji6pr38o380wwfhm665 foreign key (userid) references users
Hibernate: alter table quizzes add constraint FKp5sgyquatdn98cg82pj5yqek foreign key (userid) references users
2020-12-14 11:40:06.718  INFO 9984 --- [    Test worker] o.h.e.t.j.p.i.JtaPlatformInitiator       : HHH000490: Using JtaPlatform implementation: [org.hibernate.engine.transaction.jta.platform.internal.NoJtaPlatform]
2020-12-14 11:40:06.725  INFO 9984 --- [    Test worker] j.LocalContainerEntityManagerFactoryBean : Initialized JPA EntityManagerFactory for persistence unit 'default'
2020-12-14 11:40:07.134  WARN 9984 --- [    Test worker] JpaBaseConfiguration$JpaWebConfiguration : spring.jpa.open-in-view is enabled by default. Therefore, database queries may be performed during view rendering. Explicitly configure spring.jpa.open-in-view to disable this warning
2020-12-14 11:40:07.352  INFO 9984 --- [    Test worker] o.s.s.web.DefaultSecurityFilterChain     : Creating filter chain: any request, [org.springframework.security.web.context.request.async.WebAsyncManagerIntegrationFilter@1fad46e7, org.springframework.security.web.context.SecurityContextPersistenceFilter@5f570f27, org.springframework.security.web.header.HeaderWriterFilter@50b4b6d5, org.springframework.security.web.authentication.logout.LogoutFilter@3329e42c, org.springframework.security.web.authentication.www.BasicAuthenticationFilter@751d3614, org.springframework.security.web.savedrequest.RequestCacheAwareFilter@1739f8cd, org.springframework.security.web.servletapi.SecurityContextHolderAwareRequestFilter@7616baa1, org.springframework.security.web.authentication.AnonymousAuthenticationFilter@76b7997b, org.springframework.security.web.session.SessionManagementFilter@d8c5e58, org.springframework.security.web.access.ExceptionTranslationFilter@312a2e7, org.springframework.security.web.access.intercept.FilterSecurityInterceptor@1f0159b3]
2020-12-14 11:40:07.496  INFO 9984 --- [    Test worker] o.s.s.concurrent.ThreadPoolTaskExecutor  : Initializing ExecutorService 'applicationTaskExecutor'
2020-12-14 11:40:07.802  INFO 9984 --- [    Test worker] o.s.b.a.e.web.EndpointLinksResolver      : Exposing 14 endpoint(s) beneath base path '/actuator'
2020-12-14 11:40:07.877  INFO 9984 --- [    Test worker] o.s.b.w.embedded.tomcat.TomcatWebServer  : Tomcat started on port(s): 8889 (http) with context path ''
2020-12-14 11:40:07.880  INFO 9984 --- [    Test worker] engine.WebQuizEngine                     : Started WebQuizEngine in 5.942 seconds (JVM running for 7.043)
2020-12-14 11:40:08.247  INFO 9984 --- [nio-8889-exec-1] o.a.c.c.C.[Tomcat].[localhost].[/]       : Initializing Spring DispatcherServlet 'dispatcherServlet'
2020-12-14 11:40:08.249  INFO 9984 --- [nio-8889-exec-1] o.s.web.servlet.DispatcherServlet        : Initializing Servlet 'dispatcherServlet'
2020-12-14 11:40:08.258  INFO 9984 --- [nio-8889-exec-1] o.s.web.servlet.DispatcherServlet        : Completed initialization in 9 ms
Hibernate: select user0_.id as id1_2_, user0_.email as email2_2_, user0_.password as password3_2_ from users user0_ where user0_.email=?
Hibernate: call next value for hibernate_sequence
Hibernate: insert into users (email, password, id) values (?, ?, ?)
?[1;31m
Start test 2?[0m
Hibernate: select user0_.id as id1_2_, user0_.email as email2_2_, user0_.password as password3_2_ from users user0_ where user0_.email=?
Hibernate: call next value for hibernate_sequence
Hibernate: insert into users (email, password, id) values (?, ?, ?)
?[1;31m
Start test 3?[0m
?[1;31m
Start test 4?[0m
?[1;31m
Start test 5?[0m
Hibernate: select user0_.id as id1_2_, user0_.email as email2_2_, user0_.password as password3_2_ from users user0_ where user0_.email=?
?[1;31m
Start test 6?[0m
?[1;31m
Start test 7?[0m
?[1;31m
Start test 8?[0m
Hibernate: select user0_.id as id1_2_, user0_.email as email2_2_, user0_.password as password3_2_ from users user0_ where user0_.email=?
2020-12-14 11:40:09.352  WARN 9984 --- [nio-8889-exec-8] o.a.c.util.SessionIdGeneratorBase        : Creation of SecureRandom instance for session ID generation using [SHA1PRNG] took [219] milliseconds.
Hibernate: select quiz0_.id as id1_1_, quiz0_.answer as answer2_1_, quiz0_.options as options3_1_, quiz0_.text as text4_1_, quiz0_.title as title5_1_, quiz0_.userid as userid6_1_ from quizzes quiz0_ order by quiz0_.id asc limit ?
?[1;31m
Start test 9?[0m
Hibernate: select user0_.id as id1_2_, user0_.email as email2_2_, user0_.password as password3_2_ from users user0_ where user0_.email=?
Hibernate: select quiz0_.id as id1_1_, quiz0_.answer as answer2_1_, quiz0_.options as options3_1_, quiz0_.text as text4_1_, quiz0_.title as title5_1_, quiz0_.userid as userid6_1_ from quizzes quiz0_ order by quiz0_.id asc limit ?
?[1;31m
Start test 10?[0m
Hibernate: select user0_.id as id1_2_, user0_.email as email2_2_, user0_.password as password3_2_ from users user0_ where user0_.email=?
Hibernate: select user0_.id as id1_2_, user0_.email as email2_2_, user0_.password as password3_2_ from users user0_ where user0_.email=?
Hibernate: select user0_.id as id1_2_, user0_.email as email2_2_, user0_.password as password3_2_ from users user0_ where user0_.email=?
Hibernate: call next value for hibernate_sequence
Hibernate: insert into quizzes (answer, options, text, title, userid, id) values (?, ?, ?, ?, ?, ?)
?[1;31m
Start test 11?[0m
Hibernate: select user0_.id as id1_2_, user0_.email as email2_2_, user0_.password as password3_2_ from users user0_ where user0_.email=?
Hibernate: select quiz0_.id as id1_1_0_, quiz0_.answer as answer2_1_0_, quiz0_.options as options3_1_0_, quiz0_.text as text4_1_0_, quiz0_.title as title5_1_0_, quiz0_.userid as userid6_1_0_, user1_.id as id1_2_1_, user1_.email as email2_2_1_, user1_.password as password3_2_1_ from quizzes quiz0_ left outer join users user1_ on quiz0_.userid=user1_.id where quiz0_.id=?
?[1;31m
Start test 12?[0m
Hibernate: select user0_.id as id1_2_, user0_.email as email2_2_, user0_.password as password3_2_ from users user0_ where user0_.email=?
Hibernate: select quiz0_.id as id1_1_0_, quiz0_.answer as answer2_1_0_, quiz0_.options as options3_1_0_, quiz0_.text as text4_1_0_, quiz0_.title as title5_1_0_, quiz0_.userid as userid6_1_0_, user1_.id as id1_2_1_, user1_.email as email2_2_1_, user1_.password as password3_2_1_ from quizzes quiz0_ left outer join users user1_ on quiz0_.userid=user1_.id where quiz0_.id=?
?[1;31m
Start test 13?[0m
Hibernate: select user0_.id as id1_2_, user0_.email as email2_2_, user0_.password as password3_2_ from users user0_ where user0_.email=?
Hibernate: select quiz0_.id as id1_1_, quiz0_.answer as answer2_1_, quiz0_.options as options3_1_, quiz0_.text as text4_1_, quiz0_.title as title5_1_, quiz0_.userid as userid6_1_ from quizzes quiz0_ order by quiz0_.id asc limit ?
Hibernate: select user0_.id as id1_2_0_, user0_.email as email2_2_0_, user0_.password as password3_2_0_ from users user0_ where user0_.id=?
?[1;31m
Start test 14?[0m
Hibernate: select user0_.id as id1_2_, user0_.email as email2_2_, user0_.password as password3_2_ from users user0_ where user0_.email=?
Hibernate: select user0_.id as id1_2_, user0_.email as email2_2_, user0_.password as password3_2_ from users user0_ where user0_.email=?
Hibernate: select user0_.id as id1_2_, user0_.email as email2_2_, user0_.password as password3_2_ from users user0_ where user0_.email=?
Hibernate: call next value for hibernate_sequence
Hibernate: insert into quizzes (answer, options, text, title, userid, id) values (?, ?, ?, ?, ?, ?)
?[1;31m
Start test 15?[0m
Hibernate: select user0_.id as id1_2_, user0_.email as email2_2_, user0_.password as password3_2_ from users user0_ where user0_.email=?
Hibernate: select quiz0_.id as id1_1_0_, quiz0_.answer as answer2_1_0_, quiz0_.options as options3_1_0_, quiz0_.text as text4_1_0_, quiz0_.title as title5_1_0_, quiz0_.userid as userid6_1_0_, user1_.id as id1_2_1_, user1_.email as email2_2_1_, user1_.password as password3_2_1_ from quizzes quiz0_ left outer join users user1_ on quiz0_.userid=user1_.id where quiz0_.id=?
?[1;31m
Start test 16?[0m
Hibernate: select user0_.id as id1_2_, user0_.email as email2_2_, user0_.password as password3_2_ from users user0_ where user0_.email=?
Hibernate: select quiz0_.id as id1_1_0_, quiz0_.answer as answer2_1_0_, quiz0_.options as options3_1_0_, quiz0_.text as text4_1_0_, quiz0_.title as title5_1_0_, quiz0_.userid as userid6_1_0_, user1_.id as id1_2_1_, user1_.email as email2_2_1_, user1_.password as password3_2_1_ from quizzes quiz0_ left outer join users user1_ on quiz0_.userid=user1_.id where quiz0_.id=?
?[1;31m
Start test 17?[0m
Hibernate: select user0_.id as id1_2_, user0_.email as email2_2_, user0_.password as password3_2_ from users user0_ where user0_.email=?
Hibernate: select quiz0_.id as id1_1_, quiz0_.answer as answer2_1_, quiz0_.options as options3_1_, quiz0_.text as text4_1_, quiz0_.title as title5_1_, quiz0_.userid as userid6_1_ from quizzes quiz0_ order by quiz0_.id asc limit ?
Hibernate: select user0_.id as id1_2_0_, user0_.email as email2_2_0_, user0_.password as password3_2_0_ from users user0_ where user0_.id=?
Hibernate: select user0_.id as id1_2_0_, user0_.email as email2_2_0_, user0_.password as password3_2_0_ from users user0_ where user0_.id=?
?[1;31m
Start test 18?[0m
?[1;31m
Start test 19?[0m
?[1;31m
Start test 20?[0m
?[1;31m
Start test 21?[0m
?[1;31m
Start test 22?[0m
?[1;31m
Start test 23?[0m
?[1;31m
Start test 24?[0m
?[1;31m
Start test 25?[0m
?[1;31m
Start test 26?[0m
Hibernate: select user0_.id as id1_2_, user0_.email as email2_2_, user0_.password as password3_2_ from users user0_ where user0_.email=?
?[1;31m
Start test 27?[0m
Hibernate: select user0_.id as id1_2_, user0_.email as email2_2_, user0_.password as password3_2_ from users user0_ where user0_.email=?
?[1;31m
Start test 28?[0m
Hibernate: select user0_.id as id1_2_, user0_.email as email2_2_, user0_.password as password3_2_ from users user0_ where user0_.email=?
?[1;31m
Start test 29?[0m
Hibernate: select user0_.id as id1_2_, user0_.email as email2_2_, user0_.password as password3_2_ from users user0_ where user0_.email=?
?[1;31m
Start test 30?[0m
Hibernate: select user0_.id as id1_2_, user0_.email as email2_2_, user0_.password as password3_2_ from users user0_ where user0_.email=?
?[1;31m
Start test 31?[0m
Hibernate: select user0_.id as id1_2_, user0_.email as email2_2_, user0_.password as password3_2_ from users user0_ where user0_.email=?
?[1;31m
Start test 32?[0m
Hibernate: select user0_.id as id1_2_, user0_.email as email2_2_, user0_.password as password3_2_ from users user0_ where user0_.email=?
?[1;31m
Start test 33?[0m
Hibernate: select user0_.id as id1_2_, user0_.email as email2_2_, user0_.password as password3_2_ from users user0_ where user0_.email=?
?[1;31m
Start test 34?[0m
Hibernate: select user0_.id as id1_2_, user0_.email as email2_2_, user0_.password as password3_2_ from users user0_ where user0_.email=?
Hibernate: select quiz0_.id as id1_1_0_, quiz0_.answer as answer2_1_0_, quiz0_.options as options3_1_0_, quiz0_.text as text4_1_0_, quiz0_.title as title5_1_0_, quiz0_.userid as userid6_1_0_, user1_.id as id1_2_1_, user1_.email as email2_2_1_, user1_.password as password3_2_1_ from quizzes quiz0_ left outer join users user1_ on quiz0_.userid=user1_.id where quiz0_.id=?
?[1;31m
Start test 35?[0m
Hibernate: select user0_.id as id1_2_, user0_.email as email2_2_, user0_.password as password3_2_ from users user0_ where user0_.email=?
Hibernate: select quiz0_.id as id1_1_0_, quiz0_.answer as answer2_1_0_, quiz0_.options as options3_1_0_, quiz0_.text as text4_1_0_, quiz0_.title as title5_1_0_, quiz0_.userid as userid6_1_0_, user1_.id as id1_2_1_, user1_.email as email2_2_1_, user1_.password as password3_2_1_ from quizzes quiz0_ left outer join users user1_ on quiz0_.userid=user1_.id where quiz0_.id=?
?[1;31m
Start test 36?[0m
Hibernate: select user0_.id as id1_2_, user0_.email as email2_2_, user0_.password as password3_2_ from users user0_ where user0_.email=?
Hibernate: select quiz0_.id as id1_1_0_, quiz0_.answer as answer2_1_0_, quiz0_.options as options3_1_0_, quiz0_.text as text4_1_0_, quiz0_.title as title5_1_0_, quiz0_.userid as userid6_1_0_, user1_.id as id1_2_1_, user1_.email as email2_2_1_, user1_.password as password3_2_1_ from quizzes quiz0_ left outer join users user1_ on quiz0_.userid=user1_.id where quiz0_.id=?
Hibernate: select user0_.id as id1_2_, user0_.email as email2_2_, user0_.password as password3_2_ from users user0_ where user0_.email=?
Hibernate: select user0_.id as id1_2_, user0_.email as email2_2_, user0_.password as password3_2_ from users user0_ where user0_.email=?
Hibernate: call next value for hibernate_sequence
Hibernate: insert into completions (completed_at, id, userid, completionid) values (?, ?, ?, ?)
?[1;31m
Start test 37?[0m
Hibernate: select user0_.id as id1_2_, user0_.email as email2_2_, user0_.password as password3_2_ from users user0_ where user0_.email=?
Hibernate: select quiz0_.id as id1_1_0_, quiz0_.answer as answer2_1_0_, quiz0_.options as options3_1_0_, quiz0_.text as text4_1_0_, quiz0_.title as title5_1_0_, quiz0_.userid as userid6_1_0_, user1_.id as id1_2_1_, user1_.email as email2_2_1_, user1_.password as password3_2_1_ from quizzes quiz0_ left outer join users user1_ on quiz0_.userid=user1_.id where quiz0_.id=?
?[1;31m
Start test 38?[0m
Hibernate: select user0_.id as id1_2_, user0_.email as email2_2_, user0_.password as password3_2_ from users user0_ where user0_.email=?
Hibernate: select quiz0_.id as id1_1_0_, quiz0_.answer as answer2_1_0_, quiz0_.options as options3_1_0_, quiz0_.text as text4_1_0_, quiz0_.title as title5_1_0_, quiz0_.userid as userid6_1_0_, user1_.id as id1_2_1_, user1_.email as email2_2_1_, user1_.password as password3_2_1_ from quizzes quiz0_ left outer join users user1_ on quiz0_.userid=user1_.id where quiz0_.id=?
?[1;31m
Start test 39?[0m
Hibernate: select user0_.id as id1_2_, user0_.email as email2_2_, user0_.password as password3_2_ from users user0_ where user0_.email=?
Hibernate: select quiz0_.id as id1_1_0_, quiz0_.answer as answer2_1_0_, quiz0_.options as options3_1_0_, quiz0_.text as text4_1_0_, quiz0_.title as title5_1_0_, quiz0_.userid as userid6_1_0_, user1_.id as id1_2_1_, user1_.email as email2_2_1_, user1_.password as password3_2_1_ from quizzes quiz0_ left outer join users user1_ on quiz0_.userid=user1_.id where quiz0_.id=?
Hibernate: select user0_.id as id1_2_, user0_.email as email2_2_, user0_.password as password3_2_ from users user0_ where user0_.email=?
Hibernate: select user0_.id as id1_2_, user0_.email as email2_2_, user0_.password as password3_2_ from users user0_ where user0_.email=?
Hibernate: call next value for hibernate_sequence
Hibernate: insert into completions (completed_at, id, userid, completionid) values (?, ?, ?, ?)
?[1;31m
Start test 40?[0m
Hibernate: select user0_.id as id1_2_, user0_.email as email2_2_, user0_.password as password3_2_ from users user0_ where user0_.email=?
Hibernate: select quiz0_.id as id1_1_0_, quiz0_.answer as answer2_1_0_, quiz0_.options as options3_1_0_, quiz0_.text as text4_1_0_, quiz0_.title as title5_1_0_, quiz0_.userid as userid6_1_0_, user1_.id as id1_2_1_, user1_.email as email2_2_1_, user1_.password as password3_2_1_ from quizzes quiz0_ left outer join users user1_ on quiz0_.userid=user1_.id where quiz0_.id=?
?[1;31m
Start test 41?[0m
Hibernate: select user0_.id as id1_2_, user0_.email as email2_2_, user0_.password as password3_2_ from users user0_ where user0_.email=?
Hibernate: select quiz0_.id as id1_1_0_, quiz0_.answer as answer2_1_0_, quiz0_.options as options3_1_0_, quiz0_.text as text4_1_0_, quiz0_.title as title5_1_0_, quiz0_.userid as userid6_1_0_, user1_.id as id1_2_1_, user1_.email as email2_2_1_, user1_.password as password3_2_1_ from quizzes quiz0_ left outer join users user1_ on quiz0_.userid=user1_.id where quiz0_.id=?
?[1;31m
Start test 42?[0m
Hibernate: select user0_.id as id1_2_, user0_.email as email2_2_, user0_.password as password3_2_ from users user0_ where user0_.email=?
Hibernate: select user0_.id as id1_2_, user0_.email as email2_2_, user0_.password as password3_2_ from users user0_ where user0_.email=?
Hibernate: select user0_.id as id1_2_, user0_.email as email2_2_, user0_.password as password3_2_ from users user0_ where user0_.email=?
Hibernate: select completion0_.completionid as completi1_0_, completion0_.completed_at as complete2_0_, completion0_.id as id3_0_, completion0_.userid as userid4_0_ from completions completion0_ where completion0_.userid=? order by completion0_.completionid desc limit ?
?[1;31m
Start test 43?[0m
Hibernate: select user0_.id as id1_2_, user0_.email as email2_2_, user0_.password as password3_2_ from users user0_ where user0_.email=?
Hibernate: select user0_.id as id1_2_, user0_.email as email2_2_, user0_.password as password3_2_ from users user0_ where user0_.email=?
Hibernate: select user0_.id as id1_2_, user0_.email as email2_2_, user0_.password as password3_2_ from users user0_ where user0_.email=?
Hibernate: select completion0_.completionid as completi1_0_, completion0_.completed_at as complete2_0_, completion0_.id as id3_0_, completion0_.userid as userid4_0_ from completions completion0_ where completion0_.userid=? order by completion0_.completionid desc limit ?
?[1;31m
Start test 44?[0m
Hibernate: select user0_.id as id1_2_, user0_.email as email2_2_, user0_.password as password3_2_ from users user0_ where user0_.email=?
Hibernate: select quiz0_.id as id1_1_, quiz0_.answer as answer2_1_, quiz0_.options as options3_1_, quiz0_.text as text4_1_, quiz0_.title as title5_1_, quiz0_.userid as userid6_1_ from quizzes quiz0_ order by quiz0_.id asc limit ?
Hibernate: select user0_.id as id1_2_0_, user0_.email as email2_2_0_, user0_.password as password3_2_0_ from users user0_ where user0_.id=?
Hibernate: select user0_.id as id1_2_0_, user0_.email as email2_2_0_, user0_.password as password3_2_0_ from users user0_ where user0_.id=?
?[1;31m
Start test 45?[0m
Hibernate: select user0_.id as id1_2_, user0_.email as email2_2_, user0_.password as password3_2_ from users user0_ where user0_.email=?
Hibernate: select quiz0_.id as id1_1_, quiz0_.answer as answer2_1_, quiz0_.options as options3_1_, quiz0_.text as text4_1_, quiz0_.title as title5_1_, quiz0_.userid as userid6_1_ from quizzes quiz0_ order by quiz0_.id asc limit ?
Hibernate: select user0_.id as id1_2_0_, user0_.email as email2_2_0_, user0_.password as password3_2_0_ from users user0_ where user0_.id=?
Hibernate: select user0_.id as id1_2_0_, user0_.email as email2_2_0_, user0_.password as password3_2_0_ from users user0_ where user0_.id=?
?[1;31m
Start test 46?[0m
2020-12-14 11:40:12.781  INFO 9984 --- [       Thread-6] o.s.s.concurrent.ThreadPoolTaskExecutor  : Shutting down ExecutorService 'applicationTaskExecutor'
2020-12-14 11:40:12.785  INFO 9984 --- [       Thread-6] j.LocalContainerEntityManagerFactoryBean : Closing JPA EntityManagerFactory for persistence unit 'default'
2020-12-14 11:40:12.792  INFO 9984 --- [       Thread-6] com.zaxxer.hikari.HikariDataSource       : HikariPool-1 - Shutdown initiated...
2020-12-14 11:40:12.843  INFO 9984 --- [       Thread-6] com.zaxxer.hikari.HikariDataSource       : HikariPool-1 - Shutdown completed.

  .   ____          _            __ _ _
 /\\ / ___'_ __ _ _(_)_ __  __ _ \ \ \ \
( ( )\___ | '_ | '_| | '_ \/ _` | \ \ \ \
 \\/  ___)| |_)| | | | | || (_| |  ) ) ) )
  '  |____| .__|_| |_|_| |_\__, | / / / /
 =========|_|==============|___/=/_/_/_/
 :: Spring Boot ::        (v2.2.2.RELEASE)

2020-12-14 11:40:12.911  INFO 9984 --- [    Test worker] engine.WebQuizEngine                     : Starting WebQuizEngine on liutao2 with PID 9984 (started by lt in C:\Users\lt\IdeaProjects\Web Quiz Engine\Web Quiz Engine\task)
2020-12-14 11:40:12.911  INFO 9984 --- [    Test worker] engine.WebQuizEngine                     : No active profile set, falling back to default profiles: default
2020-12-14 11:40:13.104  INFO 9984 --- [       Thread-6] o.apache.catalina.core.StandardService   : Stopping service [Tomcat]
2020-12-14 11:40:13.109  INFO 9984 --- [       Thread-6] o.a.c.c.C.[Tomcat].[localhost].[/]       : Destroying Spring FrameworkServlet 'dispatcherServlet'
2020-12-14 11:40:13.244  INFO 9984 --- [    Test worker] .s.d.r.c.RepositoryConfigurationDelegate : Bootstrapping Spring Data JPA repositories in DEFAULT mode.
2020-12-14 11:40:13.260  INFO 9984 --- [    Test worker] .s.d.r.c.RepositoryConfigurationDelegate : Finished Spring Data repository scanning in 15ms. Found 3 JPA repository interfaces.
2020-12-14 11:40:13.329  INFO 9984 --- [    Test worker] trationDelegate$BeanPostProcessorChecker : Bean 'org.springframework.transaction.annotation.ProxyTransactionManagementConfiguration' of type [org.springframework.transaction.annotation.ProxyTransactionManagementConfiguration] is not eligible for getting processed by all BeanPostProcessors (for example: not eligible for auto-proxying)
2020-12-14 11:40:13.369  WARN 9984 --- [    Test worker] org.apache.tomcat.util.modeler.Registry  : The MBean registry cannot be disabled because it has already been initialised
2020-12-14 11:40:13.377  INFO 9984 --- [    Test worker] o.s.b.w.embedded.tomcat.TomcatWebServer  : Tomcat initialized with port(s): 8889 (http)
2020-12-14 11:40:13.378  INFO 9984 --- [    Test worker] o.apache.catalina.core.StandardService   : Starting service [Tomcat]
2020-12-14 11:40:13.378  INFO 9984 --- [    Test worker] org.apache.catalina.core.StandardEngine  : Starting Servlet engine: [Apache Tomcat/9.0.29]
2020-12-14 11:40:13.407  INFO 9984 --- [    Test worker] o.a.c.c.C.[Tomcat].[localhost].[/]       : Initializing Spring embedded WebApplicationContext
2020-12-14 11:40:13.408  INFO 9984 --- [    Test worker] o.s.web.context.ContextLoader            : Root WebApplicationContext: initialization completed in 495 ms
2020-12-14 11:40:13.461  INFO 9984 --- [    Test worker] com.zaxxer.hikari.HikariDataSource       : HikariPool-2 - Starting...
2020-12-14 11:40:13.474  INFO 9984 --- [    Test worker] com.zaxxer.hikari.HikariDataSource       : HikariPool-2 - Start completed.
2020-12-14 11:40:13.475  INFO 9984 --- [    Test worker] o.s.b.a.h2.H2ConsoleAutoConfiguration    : H2 console available at '/h2-console'. Database available at 'jdbc:h2:file:../quizdb'
2020-12-14 11:40:13.594  INFO 9984 --- [    Test worker] o.hibernate.jpa.internal.util.LogHelper  : HHH000204: Processing PersistenceUnitInfo [name: default]
2020-12-14 11:40:13.601  INFO 9984 --- [    Test worker] org.hibernate.dialect.Dialect            : HHH000400: Using dialect: org.hibernate.dialect.H2Dialect
2020-12-14 11:40:13.717  INFO 9984 --- [    Test worker] o.h.e.t.j.p.i.JtaPlatformInitiator       : HHH000490: Using JtaPlatform implementation: [org.hibernate.engine.transaction.jta.platform.internal.NoJtaPlatform]
2020-12-14 11:40:13.717  INFO 9984 --- [    Test worker] j.LocalContainerEntityManagerFactoryBean : Initialized JPA EntityManagerFactory for persistence unit 'default'
2020-12-14 11:40:13.808  WARN 9984 --- [    Test worker] JpaBaseConfiguration$JpaWebConfiguration : spring.jpa.open-in-view is enabled by default. Therefore, database queries may be performed during view rendering. Explicitly configure spring.jpa.open-in-view to disable this warning
2020-12-14 11:40:13.851  INFO 9984 --- [    Test worker] o.s.s.web.DefaultSecurityFilterChain     : Creating filter chain: any request, [org.springframework.security.web.context.request.async.WebAsyncManagerIntegrationFilter@6c84815d, org.springframework.security.web.context.SecurityContextPersistenceFilter@2e493af, org.springframework.security.web.header.HeaderWriterFilter@29305b4f, org.springframework.security.web.authentication.logout.LogoutFilter@e2e0772, org.springframework.security.web.authentication.www.BasicAuthenticationFilter@23addc70, org.springframework.security.web.savedrequest.RequestCacheAwareFilter@764b7ca3, org.springframework.security.web.servletapi.SecurityContextHolderAwareRequestFilter@5d8abb06, org.springframework.security.web.authentication.AnonymousAuthenticationFilter@5fa25f41, org.springframework.security.web.session.SessionManagementFilter@28bbb6b1, org.springframework.security.web.access.ExceptionTranslationFilter@34781464, org.springframework.security.web.access.intercept.FilterSecurityInterceptor@d72fc02]
2020-12-14 11:40:13.927  INFO 9984 --- [    Test worker] o.s.s.concurrent.ThreadPoolTaskExecutor  : Initializing ExecutorService 'applicationTaskExecutor'
2020-12-14 11:40:14.042  INFO 9984 --- [    Test worker] o.s.b.a.e.web.EndpointLinksResolver      : Exposing 14 endpoint(s) beneath base path '/actuator'
2020-12-14 11:40:14.070  INFO 9984 --- [    Test worker] o.s.b.w.embedded.tomcat.TomcatWebServer  : Tomcat started on port(s): 8889 (http) with context path ''
2020-12-14 11:40:14.071  INFO 9984 --- [    Test worker] engine.WebQuizEngine                     : Started WebQuizEngine in 1.193 seconds (JVM running for 13.233)
?[1;31m
Start test 47?[0m
2020-12-14 11:40:14.079  INFO 9984 --- [nio-8889-exec-1] o.a.c.c.C.[Tomcat].[localhost].[/]       : Initializing Spring DispatcherServlet 'dispatcherServlet'
2020-12-14 11:40:14.079  INFO 9984 --- [nio-8889-exec-1] o.s.web.servlet.DispatcherServlet        : Initializing Servlet 'dispatcherServlet'
2020-12-14 11:40:14.083  INFO 9984 --- [nio-8889-exec-1] o.s.web.servlet.DispatcherServlet        : Completed initialization in 4 ms
Hibernate: select user0_.id as id1_2_, user0_.email as email2_2_, user0_.password as password3_2_ from users user0_ where user0_.email=?
Hibernate: select quiz0_.id as id1_1_, quiz0_.answer as answer2_1_, quiz0_.options as options3_1_, quiz0_.text as text4_1_, quiz0_.title as title5_1_, quiz0_.userid as userid6_1_ from quizzes quiz0_ order by quiz0_.id asc limit ?
Hibernate: select user0_.id as id1_2_0_, user0_.email as email2_2_0_, user0_.password as password3_2_0_ from users user0_ where user0_.id=?
Hibernate: select user0_.id as id1_2_0_, user0_.email as email2_2_0_, user0_.password as password3_2_0_ from users user0_ where user0_.id=?
?[1;31m
Start test 48?[0m
Hibernate: select user0_.id as id1_2_, user0_.email as email2_2_, user0_.password as password3_2_ from users user0_ where user0_.email=?
Hibernate: select quiz0_.id as id1_1_, quiz0_.answer as answer2_1_, quiz0_.options as options3_1_, quiz0_.text as text4_1_, quiz0_.title as title5_1_, quiz0_.userid as userid6_1_ from quizzes quiz0_ order by quiz0_.id asc limit ?
Hibernate: select user0_.id as id1_2_0_, user0_.email as email2_2_0_, user0_.password as password3_2_0_ from users user0_ where user0_.id=?
Hibernate: select user0_.id as id1_2_0_, user0_.email as email2_2_0_, user0_.password as password3_2_0_ from users user0_ where user0_.id=?
?[1;31m
Start test 49?[0m
Hibernate: select user0_.id as id1_2_, user0_.email as email2_2_, user0_.password as password3_2_ from users user0_ where user0_.email=?
Hibernate: select quiz0_.id as id1_1_0_, quiz0_.answer as answer2_1_0_, quiz0_.options as options3_1_0_, quiz0_.text as text4_1_0_, quiz0_.title as title5_1_0_, quiz0_.userid as userid6_1_0_, user1_.id as id1_2_1_, user1_.email as email2_2_1_, user1_.password as password3_2_1_ from quizzes quiz0_ left outer join users user1_ on quiz0_.userid=user1_.id where quiz0_.id=?
Hibernate: select user0_.id as id1_2_, user0_.email as email2_2_, user0_.password as password3_2_ from users user0_ where user0_.email=?
Hibernate: select user0_.id as id1_2_, user0_.email as email2_2_, user0_.password as password3_2_ from users user0_ where user0_.email=?
Hibernate: call next value for hibernate_sequence
Hibernate: insert into completions (completed_at, id, userid, completionid) values (?, ?, ?, ?)
?[1;31m
Start test 50?[0m
Hibernate: select user0_.id as id1_2_, user0_.email as email2_2_, user0_.password as password3_2_ from users user0_ where user0_.email=?
Hibernate: select quiz0_.id as id1_1_0_, quiz0_.answer as answer2_1_0_, quiz0_.options as options3_1_0_, quiz0_.text as text4_1_0_, quiz0_.title as title5_1_0_, quiz0_.userid as userid6_1_0_, user1_.id as id1_2_1_, user1_.email as email2_2_1_, user1_.password as password3_2_1_ from quizzes quiz0_ left outer join users user1_ on quiz0_.userid=user1_.id where quiz0_.id=?
?[1;31m
Start test 51?[0m
Hibernate: select user0_.id as id1_2_, user0_.email as email2_2_, user0_.password as password3_2_ from users user0_ where user0_.email=?
Hibernate: select quiz0_.id as id1_1_0_, quiz0_.answer as answer2_1_0_, quiz0_.options as options3_1_0_, quiz0_.text as text4_1_0_, quiz0_.title as title5_1_0_, quiz0_.userid as userid6_1_0_, user1_.id as id1_2_1_, user1_.email as email2_2_1_, user1_.password as password3_2_1_ from quizzes quiz0_ left outer join users user1_ on quiz0_.userid=user1_.id where quiz0_.id=?
?[1;31m
Start test 52?[0m
Hibernate: select user0_.id as id1_2_, user0_.email as email2_2_, user0_.password as password3_2_ from users user0_ where user0_.email=?
Hibernate: select quiz0_.id as id1_1_0_, quiz0_.answer as answer2_1_0_, quiz0_.options as options3_1_0_, quiz0_.text as text4_1_0_, quiz0_.title as title5_1_0_, quiz0_.userid as userid6_1_0_, user1_.id as id1_2_1_, user1_.email as email2_2_1_, user1_.password as password3_2_1_ from quizzes quiz0_ left outer join users user1_ on quiz0_.userid=user1_.id where quiz0_.id=?
Hibernate: select user0_.id as id1_2_, user0_.email as email2_2_, user0_.password as password3_2_ from users user0_ where user0_.email=?
Hibernate: select user0_.id as id1_2_, user0_.email as email2_2_, user0_.password as password3_2_ from users user0_ where user0_.email=?
Hibernate: call next value for hibernate_sequence
Hibernate: insert into completions (completed_at, id, userid, completionid) values (?, ?, ?, ?)
?[1;31m
Start test 53?[0m
Hibernate: select user0_.id as id1_2_, user0_.email as email2_2_, user0_.password as password3_2_ from users user0_ where user0_.email=?
Hibernate: select user0_.id as id1_2_, user0_.email as email2_2_, user0_.password as password3_2_ from users user0_ where user0_.email=?
Hibernate: select user0_.id as id1_2_, user0_.email as email2_2_, user0_.password as password3_2_ from users user0_ where user0_.email=?
Hibernate: select completion0_.completionid as completi1_0_, completion0_.completed_at as complete2_0_, completion0_.id as id3_0_, completion0_.userid as userid4_0_ from completions completion0_ where completion0_.userid=? order by completion0_.completionid desc limit ?
?[1;31m
Start test 54?[0m
Hibernate: select user0_.id as id1_2_, user0_.email as email2_2_, user0_.password as password3_2_ from users user0_ where user0_.email=?
Hibernate: select user0_.id as id1_2_, user0_.email as email2_2_, user0_.password as password3_2_ from users user0_ where user0_.email=?
Hibernate: select user0_.id as id1_2_, user0_.email as email2_2_, user0_.password as password3_2_ from users user0_ where user0_.email=?
Hibernate: select completion0_.completionid as completi1_0_, completion0_.completed_at as complete2_0_, completion0_.id as id3_0_, completion0_.userid as userid4_0_ from completions completion0_ where completion0_.userid=? order by completion0_.completionid desc limit ?
?[1;31m
Start test 55?[0m
Hibernate: select user0_.id as id1_2_, user0_.email as email2_2_, user0_.password as password3_2_ from users user0_ where user0_.email=?
Hibernate: select user0_.id as id1_2_, user0_.email as email2_2_, user0_.password as password3_2_ from users user0_ where user0_.email=?
Hibernate: select user0_.id as id1_2_, user0_.email as email2_2_, user0_.password as password3_2_ from users user0_ where user0_.email=?
Hibernate: select completion0_.completionid as completi1_0_, completion0_.completed_at as complete2_0_, completion0_.id as id3_0_, completion0_.userid as userid4_0_ from completions completion0_ where completion0_.userid=? order by completion0_.completionid desc limit ?
?[1;31m
Start test 56?[0m
Hibernate: select user0_.id as id1_2_, user0_.email as email2_2_, user0_.password as password3_2_ from users user0_ where user0_.email=?
Hibernate: select user0_.id as id1_2_, user0_.email as email2_2_, user0_.password as password3_2_ from users user0_ where user0_.email=?
Hibernate: select user0_.id as id1_2_, user0_.email as email2_2_, user0_.password as password3_2_ from users user0_ where user0_.email=?
Hibernate: select completion0_.completionid as completi1_0_, completion0_.completed_at as complete2_0_, completion0_.id as id3_0_, completion0_.userid as userid4_0_ from completions completion0_ where completion0_.userid=? order by completion0_.completionid desc limit ?
?[1;31m
Start test 57?[0m
Hibernate: select user0_.id as id1_2_, user0_.email as email2_2_, user0_.password as password3_2_ from users user0_ where user0_.email=?
2020-12-14 11:40:15.259  WARN 9984 --- [nio-8889-exec-3] .w.s.m.s.DefaultHandlerExceptionResolver : Resolved [org.springframework.http.converter.HttpMessageNotReadableException: JSON parse error: Unexpected character ('"' (code 34)): was expecting comma to separate Object entries; nested exception is com.fasterxml.jackson.core.JsonParseException: Unexpected character ('"' (code 34)): was expecting comma to separate Object entries
 at [Source: (PushbackInputStream); line: 4, column: 4]]
?[1;31m
Start test 58?[0m
Hibernate: select user0_.id as id1_2_, user0_.email as email2_2_, user0_.password as password3_2_ from users user0_ where user0_.email=?
2020-12-14 11:40:15.356  WARN 9984 --- [nio-8889-exec-4] .w.s.m.s.DefaultHandlerExceptionResolver : Resolved [org.springframework.http.converter.HttpMessageNotReadableException: JSON parse error: Unexpected character ('"' (code 34)): was expecting comma to separate Object entries; nested exception is com.fasterxml.jackson.core.JsonParseException: Unexpected character ('"' (code 34)): was expecting comma to separate Object entries
 at [Source: (PushbackInputStream); line: 5, column: 4]]
?[1;31m
Start test 59?[0m
Hibernate: select user0_.id as id1_2_, user0_.email as email2_2_, user0_.password as password3_2_ from users user0_ where user0_.email=?
2020-12-14 11:40:15.452  WARN 9984 --- [nio-8889-exec-5] .w.s.m.s.DefaultHandlerExceptionResolver : Resolved [org.springframework.http.converter.HttpMessageNotReadableException: JSON parse error: Unexpected character ('"' (code 34)): was expecting comma to separate Object entries; nested exception is com.fasterxml.jackson.core.JsonParseException: Unexpected character ('"' (code 34)): was expecting comma to separate Object entries
 at [Source: (PushbackInputStream); line: 4, column: 4]]
?[1;31m
Start test 60?[0m
Hibernate: select user0_.id as id1_2_, user0_.email as email2_2_, user0_.password as password3_2_ from users user0_ where user0_.email=?
2020-12-14 11:40:15.544  WARN 9984 --- [nio-8889-exec-6] .w.s.m.s.DefaultHandlerExceptionResolver : Resolved [org.springframework.http.converter.HttpMessageNotReadableException: JSON parse error: Unexpected character ('"' (code 34)): was expecting comma to separate Object entries; nested exception is com.fasterxml.jackson.core.JsonParseException: Unexpected character ('"' (code 34)): was expecting comma to separate Object entries
 at [Source: (PushbackInputStream); line: 5, column: 4]]
?[1;31m
Start test 61?[0m
Hibernate: select user0_.id as id1_2_, user0_.email as email2_2_, user0_.password as password3_2_ from users user0_ where user0_.email=?
?[1;31m
Start test 62?[0m
Hibernate: select user0_.id as id1_2_, user0_.email as email2_2_, user0_.password as password3_2_ from users user0_ where user0_.email=?
2020-12-14 11:40:15.729  WARN 9984 --- [nio-8889-exec-8] .w.s.m.s.DefaultHandlerExceptionResolver : Resolved [org.springframework.http.converter.HttpMessageNotReadableException: JSON parse error: Unexpected character ('"' (code 34)): was expecting comma to separate Object entries; nested exception is com.fasterxml.jackson.core.JsonParseException: Unexpected character ('"' (code 34)): was expecting comma to separate Object entries
 at [Source: (PushbackInputStream); line: 5, column: 4]]
?[1;31m
Start test 63?[0m
Hibernate: select user0_.id as id1_2_, user0_.email as email2_2_, user0_.password as password3_2_ from users user0_ where user0_.email=?
2020-12-14 11:40:15.821  WARN 9984 --- [nio-8889-exec-9] .w.s.m.s.DefaultHandlerExceptionResolver : Resolved [org.springframework.http.converter.HttpMessageNotReadableException: JSON parse error: Unexpected character ('"' (code 34)): was expecting comma to separate Object entries; nested exception is com.fasterxml.jackson.core.JsonParseException: Unexpected character ('"' (code 34)): was expecting comma to separate Object entries
 at [Source: (PushbackInputStream); line: 5, column: 4]]
?[1;31m
Start test 64?[0m
Hibernate: select user0_.id as id1_2_, user0_.email as email2_2_, user0_.password as password3_2_ from users user0_ where user0_.email=?
Hibernate: select user0_.id as id1_2_, user0_.email as email2_2_, user0_.password as password3_2_ from users user0_ where user0_.email=?
Hibernate: select user0_.id as id1_2_, user0_.email as email2_2_, user0_.password as password3_2_ from users user0_ where user0_.email=?
Hibernate: call next value for hibernate_sequence
Hibernate: insert into quizzes (answer, options, text, title, userid, id) values (?, ?, ?, ?, ?, ?)
?[1;31m
Start test 65?[0m
Hibernate: select user0_.id as id1_2_, user0_.email as email2_2_, user0_.password as password3_2_ from users user0_ where user0_.email=?
Hibernate: select quiz0_.id as id1_1_0_, quiz0_.answer as answer2_1_0_, quiz0_.options as options3_1_0_, quiz0_.text as text4_1_0_, quiz0_.title as title5_1_0_, quiz0_.userid as userid6_1_0_, user1_.id as id1_2_1_, user1_.email as email2_2_1_, user1_.password as password3_2_1_ from quizzes quiz0_ left outer join users user1_ on quiz0_.userid=user1_.id where quiz0_.id=?
?[1;31m
Start test 66?[0m
Hibernate: select user0_.id as id1_2_, user0_.email as email2_2_, user0_.password as password3_2_ from users user0_ where user0_.email=?
Hibernate: select quiz0_.id as id1_1_0_, quiz0_.answer as answer2_1_0_, quiz0_.options as options3_1_0_, quiz0_.text as text4_1_0_, quiz0_.title as title5_1_0_, quiz0_.userid as userid6_1_0_, user1_.id as id1_2_1_, user1_.email as email2_2_1_, user1_.password as password3_2_1_ from quizzes quiz0_ left outer join users user1_ on quiz0_.userid=user1_.id where quiz0_.id=?
?[1;31m
Start test 67?[0m
Hibernate: select user0_.id as id1_2_, user0_.email as email2_2_, user0_.password as password3_2_ from users user0_ where user0_.email=?
Hibernate: select quiz0_.id as id1_1_0_, quiz0_.answer as answer2_1_0_, quiz0_.options as options3_1_0_, quiz0_.text as text4_1_0_, quiz0_.title as title5_1_0_, quiz0_.userid as userid6_1_0_, user1_.id as id1_2_1_, user1_.email as email2_2_1_, user1_.password as password3_2_1_ from quizzes quiz0_ left outer join users user1_ on quiz0_.userid=user1_.id where quiz0_.id=?
?[1;31m
Start test 68?[0m
Hibernate: select user0_.id as id1_2_, user0_.email as email2_2_, user0_.password as password3_2_ from users user0_ where user0_.email=?
Hibernate: select quiz0_.id as id1_1_0_, quiz0_.answer as answer2_1_0_, quiz0_.options as options3_1_0_, quiz0_.text as text4_1_0_, quiz0_.title as title5_1_0_, quiz0_.userid as userid6_1_0_, user1_.id as id1_2_1_, user1_.email as email2_2_1_, user1_.password as password3_2_1_ from quizzes quiz0_ left outer join users user1_ on quiz0_.userid=user1_.id where quiz0_.id=?
?[1;31m
Start test 69?[0m
Hibernate: select user0_.id as id1_2_, user0_.email as email2_2_, user0_.password as password3_2_ from users user0_ where user0_.email=?
Hibernate: select quiz0_.id as id1_1_0_, quiz0_.answer as answer2_1_0_, quiz0_.options as options3_1_0_, quiz0_.text as text4_1_0_, quiz0_.title as title5_1_0_, quiz0_.userid as userid6_1_0_, user1_.id as id1_2_1_, user1_.email as email2_2_1_, user1_.password as password3_2_1_ from quizzes quiz0_ left outer join users user1_ on quiz0_.userid=user1_.id where quiz0_.id=?
?[1;31m
Start test 70?[0m
Hibernate: select user0_.id as id1_2_, user0_.email as email2_2_, user0_.password as password3_2_ from users user0_ where user0_.email=?
Hibernate: select quiz0_.id as id1_1_0_, quiz0_.answer as answer2_1_0_, quiz0_.options as options3_1_0_, quiz0_.text as text4_1_0_, quiz0_.title as title5_1_0_, quiz0_.userid as userid6_1_0_, user1_.id as id1_2_1_, user1_.email as email2_2_1_, user1_.password as password3_2_1_ from quizzes quiz0_ left outer join users user1_ on quiz0_.userid=user1_.id where quiz0_.id=?
?[1;31m
Start test 71?[0m
Hibernate: select user0_.id as id1_2_, user0_.email as email2_2_, user0_.password as password3_2_ from users user0_ where user0_.email=?
Hibernate: select quiz0_.id as id1_1_0_, quiz0_.answer as answer2_1_0_, quiz0_.options as options3_1_0_, quiz0_.text as text4_1_0_, quiz0_.title as title5_1_0_, quiz0_.userid as userid6_1_0_, user1_.id as id1_2_1_, user1_.email as email2_2_1_, user1_.password as password3_2_1_ from quizzes quiz0_ left outer join users user1_ on quiz0_.userid=user1_.id where quiz0_.id=?
?[1;31m
Start test 72?[0m
Hibernate: select user0_.id as id1_2_, user0_.email as email2_2_, user0_.password as password3_2_ from users user0_ where user0_.email=?
Hibernate: select quiz0_.id as id1_1_0_, quiz0_.answer as answer2_1_0_, quiz0_.options as options3_1_0_, quiz0_.text as text4_1_0_, quiz0_.title as title5_1_0_, quiz0_.userid as userid6_1_0_, user1_.id as id1_2_1_, user1_.email as email2_2_1_, user1_.password as password3_2_1_ from quizzes quiz0_ left outer join users user1_ on quiz0_.userid=user1_.id where quiz0_.id=?
Hibernate: select user0_.id as id1_2_, user0_.email as email2_2_, user0_.password as password3_2_ from users user0_ where user0_.email=?
Hibernate: select user0_.id as id1_2_, user0_.email as email2_2_, user0_.password as password3_2_ from users user0_ where user0_.email=?
Hibernate: call next value for hibernate_sequence
Hibernate: insert into completions (completed_at, id, userid, completionid) values (?, ?, ?, ?)
?[1;31m
Start test 73?[0m
Hibernate: select user0_.id as id1_2_, user0_.email as email2_2_, user0_.password as password3_2_ from users user0_ where user0_.email=?
Hibernate: select quiz0_.id as id1_1_0_, quiz0_.answer as answer2_1_0_, quiz0_.options as options3_1_0_, quiz0_.text as text4_1_0_, quiz0_.title as title5_1_0_, quiz0_.userid as userid6_1_0_, user1_.id as id1_2_1_, user1_.email as email2_2_1_, user1_.password as password3_2_1_ from quizzes quiz0_ left outer join users user1_ on quiz0_.userid=user1_.id where quiz0_.id=?
?[1;31m
Start test 74?[0m
Hibernate: select user0_.id as id1_2_, user0_.email as email2_2_, user0_.password as password3_2_ from users user0_ where user0_.email=?
Hibernate: select quiz0_.id as id1_1_0_, quiz0_.answer as answer2_1_0_, quiz0_.options as options3_1_0_, quiz0_.text as text4_1_0_, quiz0_.title as title5_1_0_, quiz0_.userid as userid6_1_0_, user1_.id as id1_2_1_, user1_.email as email2_2_1_, user1_.password as password3_2_1_ from quizzes quiz0_ left outer join users user1_ on quiz0_.userid=user1_.id where quiz0_.id=?
?[1;31m
Start test 75?[0m
Hibernate: select user0_.id as id1_2_, user0_.email as email2_2_, user0_.password as password3_2_ from users user0_ where user0_.email=?
Hibernate: select quiz0_.id as id1_1_0_, quiz0_.answer as answer2_1_0_, quiz0_.options as options3_1_0_, quiz0_.text as text4_1_0_, quiz0_.title as title5_1_0_, quiz0_.userid as userid6_1_0_, user1_.id as id1_2_1_, user1_.email as email2_2_1_, user1_.password as password3_2_1_ from quizzes quiz0_ left outer join users user1_ on quiz0_.userid=user1_.id where quiz0_.id=?
?[1;31m
Start test 76?[0m
Hibernate: select user0_.id as id1_2_, user0_.email as email2_2_, user0_.password as password3_2_ from users user0_ where user0_.email=?
Hibernate: select quiz0_.id as id1_1_0_, quiz0_.answer as answer2_1_0_, quiz0_.options as options3_1_0_, quiz0_.text as text4_1_0_, quiz0_.title as title5_1_0_, quiz0_.userid as userid6_1_0_, user1_.id as id1_2_1_, user1_.email as email2_2_1_, user1_.password as password3_2_1_ from quizzes quiz0_ left outer join users user1_ on quiz0_.userid=user1_.id where quiz0_.id=?
?[1;31m
Start test 77?[0m
Hibernate: select user0_.id as id1_2_, user0_.email as email2_2_, user0_.password as password3_2_ from users user0_ where user0_.email=?
Hibernate: select quiz0_.id as id1_1_0_, quiz0_.answer as answer2_1_0_, quiz0_.options as options3_1_0_, quiz0_.text as text4_1_0_, quiz0_.title as title5_1_0_, quiz0_.userid as userid6_1_0_, user1_.id as id1_2_1_, user1_.email as email2_2_1_, user1_.password as password3_2_1_ from quizzes quiz0_ left outer join users user1_ on quiz0_.userid=user1_.id where quiz0_.id=?
?[1;31m
Start test 78?[0m
Hibernate: select user0_.id as id1_2_, user0_.email as email2_2_, user0_.password as password3_2_ from users user0_ where user0_.email=?
Hibernate: select quiz0_.id as id1_1_0_, quiz0_.answer as answer2_1_0_, quiz0_.options as options3_1_0_, quiz0_.text as text4_1_0_, quiz0_.title as title5_1_0_, quiz0_.userid as userid6_1_0_, user1_.id as id1_2_1_, user1_.email as email2_2_1_, user1_.password as password3_2_1_ from quizzes quiz0_ left outer join users user1_ on quiz0_.userid=user1_.id where quiz0_.id=?
?[1;31m
Start test 79?[0m
Hibernate: select user0_.id as id1_2_, user0_.email as email2_2_, user0_.password as password3_2_ from users user0_ where user0_.email=?
Hibernate: select quiz0_.id as id1_1_0_, quiz0_.answer as answer2_1_0_, quiz0_.options as options3_1_0_, quiz0_.text as text4_1_0_, quiz0_.title as title5_1_0_, quiz0_.userid as userid6_1_0_, user1_.id as id1_2_1_, user1_.email as email2_2_1_, user1_.password as password3_2_1_ from quizzes quiz0_ left outer join users user1_ on quiz0_.userid=user1_.id where quiz0_.id=?
?[1;31m
Start test 80?[0m
Hibernate: select user0_.id as id1_2_, user0_.email as email2_2_, user0_.password as password3_2_ from users user0_ where user0_.email=?
Hibernate: select quiz0_.id as id1_1_0_, quiz0_.answer as answer2_1_0_, quiz0_.options as options3_1_0_, quiz0_.text as text4_1_0_, quiz0_.title as title5_1_0_, quiz0_.userid as userid6_1_0_, user1_.id as id1_2_1_, user1_.email as email2_2_1_, user1_.password as password3_2_1_ from quizzes quiz0_ left outer join users user1_ on quiz0_.userid=user1_.id where quiz0_.id=?
?[1;31m
Start test 81?[0m
Hibernate: select user0_.id as id1_2_, user0_.email as email2_2_, user0_.password as password3_2_ from users user0_ where user0_.email=?
Hibernate: select quiz0_.id as id1_1_0_, quiz0_.answer as answer2_1_0_, quiz0_.options as options3_1_0_, quiz0_.text as text4_1_0_, quiz0_.title as title5_1_0_, quiz0_.userid as userid6_1_0_, user1_.id as id1_2_1_, user1_.email as email2_2_1_, user1_.password as password3_2_1_ from quizzes quiz0_ left outer join users user1_ on quiz0_.userid=user1_.id where quiz0_.id=?
?[1;31m
Start test 82?[0m
Hibernate: select user0_.id as id1_2_, user0_.email as email2_2_, user0_.password as password3_2_ from users user0_ where user0_.email=?
Hibernate: select user0_.id as id1_2_, user0_.email as email2_2_, user0_.password as password3_2_ from users user0_ where user0_.email=?
Hibernate: select user0_.id as id1_2_, user0_.email as email2_2_, user0_.password as password3_2_ from users user0_ where user0_.email=?
Hibernate: call next value for hibernate_sequence
Hibernate: insert into quizzes (answer, options, text, title, userid, id) values (?, ?, ?, ?, ?, ?)
?[1;31m
Start test 83?[0m
Hibernate: select user0_.id as id1_2_, user0_.email as email2_2_, user0_.password as password3_2_ from users user0_ where user0_.email=?
Hibernate: select quiz0_.id as id1_1_0_, quiz0_.answer as answer2_1_0_, quiz0_.options as options3_1_0_, quiz0_.text as text4_1_0_, quiz0_.title as title5_1_0_, quiz0_.userid as userid6_1_0_, user1_.id as id1_2_1_, user1_.email as email2_2_1_, user1_.password as password3_2_1_ from quizzes quiz0_ left outer join users user1_ on quiz0_.userid=user1_.id where quiz0_.id=?
?[1;31m
Start test 84?[0m
Hibernate: select user0_.id as id1_2_, user0_.email as email2_2_, user0_.password as password3_2_ from users user0_ where user0_.email=?
Hibernate: select quiz0_.id as id1_1_0_, quiz0_.answer as answer2_1_0_, quiz0_.options as options3_1_0_, quiz0_.text as text4_1_0_, quiz0_.title as title5_1_0_, quiz0_.userid as userid6_1_0_, user1_.id as id1_2_1_, user1_.email as email2_2_1_, user1_.password as password3_2_1_ from quizzes quiz0_ left outer join users user1_ on quiz0_.userid=user1_.id where quiz0_.id=?
?[1;31m
Start test 85?[0m
Hibernate: select user0_.id as id1_2_, user0_.email as email2_2_, user0_.password as password3_2_ from users user0_ where user0_.email=?
Hibernate: select quiz0_.id as id1_1_0_, quiz0_.answer as answer2_1_0_, quiz0_.options as options3_1_0_, quiz0_.text as text4_1_0_, quiz0_.title as title5_1_0_, quiz0_.userid as userid6_1_0_, user1_.id as id1_2_1_, user1_.email as email2_2_1_, user1_.password as password3_2_1_ from quizzes quiz0_ left outer join users user1_ on quiz0_.userid=user1_.id where quiz0_.id=?
?[1;31m
Start test 86?[0m
Hibernate: select user0_.id as id1_2_, user0_.email as email2_2_, user0_.password as password3_2_ from users user0_ where user0_.email=?
Hibernate: select quiz0_.id as id1_1_0_, quiz0_.answer as answer2_1_0_, quiz0_.options as options3_1_0_, quiz0_.text as text4_1_0_, quiz0_.title as title5_1_0_, quiz0_.userid as userid6_1_0_, user1_.id as id1_2_1_, user1_.email as email2_2_1_, user1_.password as password3_2_1_ from quizzes quiz0_ left outer join users user1_ on quiz0_.userid=user1_.id where quiz0_.id=?
?[1;31m
Start test 87?[0m
Hibernate: select user0_.id as id1_2_, user0_.email as email2_2_, user0_.password as password3_2_ from users user0_ where user0_.email=?
Hibernate: select quiz0_.id as id1_1_0_, quiz0_.answer as answer2_1_0_, quiz0_.options as options3_1_0_, quiz0_.text as text4_1_0_, quiz0_.title as title5_1_0_, quiz0_.userid as userid6_1_0_, user1_.id as id1_2_1_, user1_.email as email2_2_1_, user1_.password as password3_2_1_ from quizzes quiz0_ left outer join users user1_ on quiz0_.userid=user1_.id where quiz0_.id=?
?[1;31m
Start test 88?[0m
Hibernate: select user0_.id as id1_2_, user0_.email as email2_2_, user0_.password as password3_2_ from users user0_ where user0_.email=?
Hibernate: select quiz0_.id as id1_1_0_, quiz0_.answer as answer2_1_0_, quiz0_.options as options3_1_0_, quiz0_.text as text4_1_0_, quiz0_.title as title5_1_0_, quiz0_.userid as userid6_1_0_, user1_.id as id1_2_1_, user1_.email as email2_2_1_, user1_.password as password3_2_1_ from quizzes quiz0_ left outer join users user1_ on quiz0_.userid=user1_.id where quiz0_.id=?
?[1;31m
Start test 89?[0m
Hibernate: select user0_.id as id1_2_, user0_.email as email2_2_, user0_.password as password3_2_ from users user0_ where user0_.email=?
Hibernate: select quiz0_.id as id1_1_0_, quiz0_.answer as answer2_1_0_, quiz0_.options as options3_1_0_, quiz0_.text as text4_1_0_, quiz0_.title as title5_1_0_, quiz0_.userid as userid6_1_0_, user1_.id as id1_2_1_, user1_.email as email2_2_1_, user1_.password as password3_2_1_ from quizzes quiz0_ left outer join users user1_ on quiz0_.userid=user1_.id where quiz0_.id=?
?[1;31m
Start test 90?[0m
Hibernate: select user0_.id as id1_2_, user0_.email as email2_2_, user0_.password as password3_2_ from users user0_ where user0_.email=?
Hibernate: select quiz0_.id as id1_1_0_, quiz0_.answer as answer2_1_0_, quiz0_.options as options3_1_0_, quiz0_.text as text4_1_0_, quiz0_.title as title5_1_0_, quiz0_.userid as userid6_1_0_, user1_.id as id1_2_1_, user1_.email as email2_2_1_, user1_.password as password3_2_1_ from quizzes quiz0_ left outer join users user1_ on quiz0_.userid=user1_.id where quiz0_.id=?
?[1;31m
Start test 91?[0m
Hibernate: select user0_.id as id1_2_, user0_.email as email2_2_, user0_.password as password3_2_ from users user0_ where user0_.email=?
Hibernate: select quiz0_.id as id1_1_0_, quiz0_.answer as answer2_1_0_, quiz0_.options as options3_1_0_, quiz0_.text as text4_1_0_, quiz0_.title as title5_1_0_, quiz0_.userid as userid6_1_0_, user1_.id as id1_2_1_, user1_.email as email2_2_1_, user1_.password as password3_2_1_ from quizzes quiz0_ left outer join users user1_ on quiz0_.userid=user1_.id where quiz0_.id=?
?[1;31m
Start test 92?[0m
Hibernate: select user0_.id as id1_2_, user0_.email as email2_2_, user0_.password as password3_2_ from users user0_ where user0_.email=?
Hibernate: select quiz0_.id as id1_1_0_, quiz0_.answer as answer2_1_0_, quiz0_.options as options3_1_0_, quiz0_.text as text4_1_0_, quiz0_.title as title5_1_0_, quiz0_.userid as userid6_1_0_, user1_.id as id1_2_1_, user1_.email as email2_2_1_, user1_.password as password3_2_1_ from quizzes quiz0_ left outer join users user1_ on quiz0_.userid=user1_.id where quiz0_.id=?
?[1;31m
Start test 93?[0m
Hibernate: select user0_.id as id1_2_, user0_.email as email2_2_, user0_.password as password3_2_ from users user0_ where user0_.email=?
Hibernate: select quiz0_.id as id1_1_0_, quiz0_.answer as answer2_1_0_, quiz0_.options as options3_1_0_, quiz0_.text as text4_1_0_, quiz0_.title as title5_1_0_, quiz0_.userid as userid6_1_0_, user1_.id as id1_2_1_, user1_.email as email2_2_1_, user1_.password as password3_2_1_ from quizzes quiz0_ left outer join users user1_ on quiz0_.userid=user1_.id where quiz0_.id=?
?[1;31m
Start test 94?[0m
Hibernate: select user0_.id as id1_2_, user0_.email as email2_2_, user0_.password as password3_2_ from users user0_ where user0_.email=?
Hibernate: select quiz0_.id as id1_1_0_, quiz0_.answer as answer2_1_0_, quiz0_.options as options3_1_0_, quiz0_.text as text4_1_0_, quiz0_.title as title5_1_0_, quiz0_.userid as userid6_1_0_, user1_.id as id1_2_1_, user1_.email as email2_2_1_, user1_.password as password3_2_1_ from quizzes quiz0_ left outer join users user1_ on quiz0_.userid=user1_.id where quiz0_.id=?
Hibernate: select user0_.id as id1_2_, user0_.email as email2_2_, user0_.password as password3_2_ from users user0_ where user0_.email=?
Hibernate: select user0_.id as id1_2_, user0_.email as email2_2_, user0_.password as password3_2_ from users user0_ where user0_.email=?
Hibernate: call next value for hibernate_sequence
Hibernate: insert into completions (completed_at, id, userid, completionid) values (?, ?, ?, ?)
?[1;31m
Start test 95?[0m
Hibernate: select user0_.id as id1_2_, user0_.email as email2_2_, user0_.password as password3_2_ from users user0_ where user0_.email=?
Hibernate: select quiz0_.id as id1_1_0_, quiz0_.answer as answer2_1_0_, quiz0_.options as options3_1_0_, quiz0_.text as text4_1_0_, quiz0_.title as title5_1_0_, quiz0_.userid as userid6_1_0_, user1_.id as id1_2_1_, user1_.email as email2_2_1_, user1_.password as password3_2_1_ from quizzes quiz0_ left outer join users user1_ on quiz0_.userid=user1_.id where quiz0_.id=?
?[1;31m
Start test 96?[0m
Hibernate: select user0_.id as id1_2_, user0_.email as email2_2_, user0_.password as password3_2_ from users user0_ where user0_.email=?
Hibernate: select quiz0_.id as id1_1_0_, quiz0_.answer as answer2_1_0_, quiz0_.options as options3_1_0_, quiz0_.text as text4_1_0_, quiz0_.title as title5_1_0_, quiz0_.userid as userid6_1_0_, user1_.id as id1_2_1_, user1_.email as email2_2_1_, user1_.password as password3_2_1_ from quizzes quiz0_ left outer join users user1_ on quiz0_.userid=user1_.id where quiz0_.id=?
?[1;31m
Start test 97?[0m
Hibernate: select user0_.id as id1_2_, user0_.email as email2_2_, user0_.password as password3_2_ from users user0_ where user0_.email=?
Hibernate: select quiz0_.id as id1_1_0_, quiz0_.answer as answer2_1_0_, quiz0_.options as options3_1_0_, quiz0_.text as text4_1_0_, quiz0_.title as title5_1_0_, quiz0_.userid as userid6_1_0_, user1_.id as id1_2_1_, user1_.email as email2_2_1_, user1_.password as password3_2_1_ from quizzes quiz0_ left outer join users user1_ on quiz0_.userid=user1_.id where quiz0_.id=?
?[1;31m
Start test 98?[0m
Hibernate: select user0_.id as id1_2_, user0_.email as email2_2_, user0_.password as password3_2_ from users user0_ where user0_.email=?
Hibernate: select quiz0_.id as id1_1_0_, quiz0_.answer as answer2_1_0_, quiz0_.options as options3_1_0_, quiz0_.text as text4_1_0_, quiz0_.title as title5_1_0_, quiz0_.userid as userid6_1_0_, user1_.id as id1_2_1_, user1_.email as email2_2_1_, user1_.password as password3_2_1_ from quizzes quiz0_ left outer join users user1_ on quiz0_.userid=user1_.id where quiz0_.id=?
?[1;31m
Start test 99?[0m
Hibernate: select user0_.id as id1_2_, user0_.email as email2_2_, user0_.password as password3_2_ from users user0_ where user0_.email=?
Hibernate: select quiz0_.id as id1_1_0_, quiz0_.answer as answer2_1_0_, quiz0_.options as options3_1_0_, quiz0_.text as text4_1_0_, quiz0_.title as title5_1_0_, quiz0_.userid as userid6_1_0_, user1_.id as id1_2_1_, user1_.email as email2_2_1_, user1_.password as password3_2_1_ from quizzes quiz0_ left outer join users user1_ on quiz0_.userid=user1_.id where quiz0_.id=?
?[1;31m
Start test 100?[0m
Hibernate: select user0_.id as id1_2_, user0_.email as email2_2_, user0_.password as password3_2_ from users user0_ where user0_.email=?
Hibernate: select user0_.id as id1_2_, user0_.email as email2_2_, user0_.password as password3_2_ from users user0_ where user0_.email=?
Hibernate: select user0_.id as id1_2_, user0_.email as email2_2_, user0_.password as password3_2_ from users user0_ where user0_.email=?
Hibernate: call next value for hibernate_sequence
Hibernate: insert into quizzes (answer, options, text, title, userid, id) values (?, ?, ?, ?, ?, ?)
?[1;31m
Start test 101?[0m
Hibernate: select user0_.id as id1_2_, user0_.email as email2_2_, user0_.password as password3_2_ from users user0_ where user0_.email=?
Hibernate: select quiz0_.id as id1_1_0_, quiz0_.answer as answer2_1_0_, quiz0_.options as options3_1_0_, quiz0_.text as text4_1_0_, quiz0_.title as title5_1_0_, quiz0_.userid as userid6_1_0_, user1_.id as id1_2_1_, user1_.email as email2_2_1_, user1_.password as password3_2_1_ from quizzes quiz0_ left outer join users user1_ on quiz0_.userid=user1_.id where quiz0_.id=?
?[1;31m
Start test 102?[0m
Hibernate: select user0_.id as id1_2_, user0_.email as email2_2_, user0_.password as password3_2_ from users user0_ where user0_.email=?
Hibernate: select quiz0_.id as id1_1_0_, quiz0_.answer as answer2_1_0_, quiz0_.options as options3_1_0_, quiz0_.text as text4_1_0_, quiz0_.title as title5_1_0_, quiz0_.userid as userid6_1_0_, user1_.id as id1_2_1_, user1_.email as email2_2_1_, user1_.password as password3_2_1_ from quizzes quiz0_ left outer join users user1_ on quiz0_.userid=user1_.id where quiz0_.id=?
?[1;31m
Start test 103?[0m
Hibernate: select user0_.id as id1_2_, user0_.email as email2_2_, user0_.password as password3_2_ from users user0_ where user0_.email=?
Hibernate: select quiz0_.id as id1_1_0_, quiz0_.answer as answer2_1_0_, quiz0_.options as options3_1_0_, quiz0_.text as text4_1_0_, quiz0_.title as title5_1_0_, quiz0_.userid as userid6_1_0_, user1_.id as id1_2_1_, user1_.email as email2_2_1_, user1_.password as password3_2_1_ from quizzes quiz0_ left outer join users user1_ on quiz0_.userid=user1_.id where quiz0_.id=?
Hibernate: select user0_.id as id1_2_, user0_.email as email2_2_, user0_.password as password3_2_ from users user0_ where user0_.email=?
Hibernate: select user0_.id as id1_2_, user0_.email as email2_2_, user0_.password as password3_2_ from users user0_ where user0_.email=?
Hibernate: call next value for hibernate_sequence
Hibernate: insert into completions (completed_at, id, userid, completionid) values (?, ?, ?, ?)
?[1;31m
Start test 104?[0m
Hibernate: select user0_.id as id1_2_, user0_.email as email2_2_, user0_.password as password3_2_ from users user0_ where user0_.email=?
Hibernate: select quiz0_.id as id1_1_0_, quiz0_.answer as answer2_1_0_, quiz0_.options as options3_1_0_, quiz0_.text as text4_1_0_, quiz0_.title as title5_1_0_, quiz0_.userid as userid6_1_0_, user1_.id as id1_2_1_, user1_.email as email2_2_1_, user1_.password as password3_2_1_ from quizzes quiz0_ left outer join users user1_ on quiz0_.userid=user1_.id where quiz0_.id=?
?[1;31m
Start test 105?[0m
Hibernate: select user0_.id as id1_2_, user0_.email as email2_2_, user0_.password as password3_2_ from users user0_ where user0_.email=?
Hibernate: select quiz0_.id as id1_1_0_, quiz0_.answer as answer2_1_0_, quiz0_.options as options3_1_0_, quiz0_.text as text4_1_0_, quiz0_.title as title5_1_0_, quiz0_.userid as userid6_1_0_, user1_.id as id1_2_1_, user1_.email as email2_2_1_, user1_.password as password3_2_1_ from quizzes quiz0_ left outer join users user1_ on quiz0_.userid=user1_.id where quiz0_.id=?
?[1;31m
Start test 106?[0m
Hibernate: select user0_.id as id1_2_, user0_.email as email2_2_, user0_.password as password3_2_ from users user0_ where user0_.email=?
Hibernate: select quiz0_.id as id1_1_0_, quiz0_.answer as answer2_1_0_, quiz0_.options as options3_1_0_, quiz0_.text as text4_1_0_, quiz0_.title as title5_1_0_, quiz0_.userid as userid6_1_0_, user1_.id as id1_2_1_, user1_.email as email2_2_1_, user1_.password as password3_2_1_ from quizzes quiz0_ left outer join users user1_ on quiz0_.userid=user1_.id where quiz0_.id=?
?[1;31m
Start test 107?[0m
Hibernate: select user0_.id as id1_2_, user0_.email as email2_2_, user0_.password as password3_2_ from users user0_ where user0_.email=?
Hibernate: select quiz0_.id as id1_1_0_, quiz0_.answer as answer2_1_0_, quiz0_.options as options3_1_0_, quiz0_.text as text4_1_0_, quiz0_.title as title5_1_0_, quiz0_.userid as userid6_1_0_, user1_.id as id1_2_1_, user1_.email as email2_2_1_, user1_.password as password3_2_1_ from quizzes quiz0_ left outer join users user1_ on quiz0_.userid=user1_.id where quiz0_.id=?
?[1;31m
Start test 108?[0m
Hibernate: select user0_.id as id1_2_, user0_.email as email2_2_, user0_.password as password3_2_ from users user0_ where user0_.email=?
Hibernate: select quiz0_.id as id1_1_0_, quiz0_.answer as answer2_1_0_, quiz0_.options as options3_1_0_, quiz0_.text as text4_1_0_, quiz0_.title as title5_1_0_, quiz0_.userid as userid6_1_0_, user1_.id as id1_2_1_, user1_.email as email2_2_1_, user1_.password as password3_2_1_ from quizzes quiz0_ left outer join users user1_ on quiz0_.userid=user1_.id where quiz0_.id=?
?[1;31m
Start test 109?[0m
Hibernate: select user0_.id as id1_2_, user0_.email as email2_2_, user0_.password as password3_2_ from users user0_ where user0_.email=?
Hibernate: select quiz0_.id as id1_1_0_, quiz0_.answer as answer2_1_0_, quiz0_.options as options3_1_0_, quiz0_.text as text4_1_0_, quiz0_.title as title5_1_0_, quiz0_.userid as userid6_1_0_, user1_.id as id1_2_1_, user1_.email as email2_2_1_, user1_.password as password3_2_1_ from quizzes quiz0_ left outer join users user1_ on quiz0_.userid=user1_.id where quiz0_.id=?
?[1;31m
Start test 110?[0m
Hibernate: select user0_.id as id1_2_, user0_.email as email2_2_, user0_.password as password3_2_ from users user0_ where user0_.email=?
Hibernate: select quiz0_.id as id1_1_0_, quiz0_.answer as answer2_1_0_, quiz0_.options as options3_1_0_, quiz0_.text as text4_1_0_, quiz0_.title as title5_1_0_, quiz0_.userid as userid6_1_0_, user1_.id as id1_2_1_, user1_.email as email2_2_1_, user1_.password as password3_2_1_ from quizzes quiz0_ left outer join users user1_ on quiz0_.userid=user1_.id where quiz0_.id=?
?[1;31m
Start test 111?[0m
Hibernate: select user0_.id as id1_2_, user0_.email as email2_2_, user0_.password as password3_2_ from users user0_ where user0_.email=?
Hibernate: select quiz0_.id as id1_1_0_, quiz0_.answer as answer2_1_0_, quiz0_.options as options3_1_0_, quiz0_.text as text4_1_0_, quiz0_.title as title5_1_0_, quiz0_.userid as userid6_1_0_, user1_.id as id1_2_1_, user1_.email as email2_2_1_, user1_.password as password3_2_1_ from quizzes quiz0_ left outer join users user1_ on quiz0_.userid=user1_.id where quiz0_.id=?
?[1;31m
Start test 112?[0m
Hibernate: select user0_.id as id1_2_, user0_.email as email2_2_, user0_.password as password3_2_ from users user0_ where user0_.email=?
Hibernate: select quiz0_.id as id1_1_0_, quiz0_.answer as answer2_1_0_, quiz0_.options as options3_1_0_, quiz0_.text as text4_1_0_, quiz0_.title as title5_1_0_, quiz0_.userid as userid6_1_0_, user1_.id as id1_2_1_, user1_.email as email2_2_1_, user1_.password as password3_2_1_ from quizzes quiz0_ left outer join users user1_ on quiz0_.userid=user1_.id where quiz0_.id=?
?[1;31m
Start test 113?[0m
Hibernate: select user0_.id as id1_2_, user0_.email as email2_2_, user0_.password as password3_2_ from users user0_ where user0_.email=?
Hibernate: select quiz0_.id as id1_1_0_, quiz0_.answer as answer2_1_0_, quiz0_.options as options3_1_0_, quiz0_.text as text4_1_0_, quiz0_.title as title5_1_0_, quiz0_.userid as userid6_1_0_, user1_.id as id1_2_1_, user1_.email as email2_2_1_, user1_.password as password3_2_1_ from quizzes quiz0_ left outer join users user1_ on quiz0_.userid=user1_.id where quiz0_.id=?
?[1;31m
Start test 114?[0m
Hibernate: select user0_.id as id1_2_, user0_.email as email2_2_, user0_.password as password3_2_ from users user0_ where user0_.email=?
Hibernate: select quiz0_.id as id1_1_0_, quiz0_.answer as answer2_1_0_, quiz0_.options as options3_1_0_, quiz0_.text as text4_1_0_, quiz0_.title as title5_1_0_, quiz0_.userid as userid6_1_0_, user1_.id as id1_2_1_, user1_.email as email2_2_1_, user1_.password as password3_2_1_ from quizzes quiz0_ left outer join users user1_ on quiz0_.userid=user1_.id where quiz0_.id=?
?[1;31m
Start test 115?[0m
Hibernate: select user0_.id as id1_2_, user0_.email as email2_2_, user0_.password as password3_2_ from users user0_ where user0_.email=?
Hibernate: select quiz0_.id as id1_1_0_, quiz0_.answer as answer2_1_0_, quiz0_.options as options3_1_0_, quiz0_.text as text4_1_0_, quiz0_.title as title5_1_0_, quiz0_.userid as userid6_1_0_, user1_.id as id1_2_1_, user1_.email as email2_2_1_, user1_.password as password3_2_1_ from quizzes quiz0_ left outer join users user1_ on quiz0_.userid=user1_.id where quiz0_.id=?
?[1;31m
Start test 116?[0m
Hibernate: select user0_.id as id1_2_, user0_.email as email2_2_, user0_.password as password3_2_ from users user0_ where user0_.email=?
Hibernate: select quiz0_.id as id1_1_0_, quiz0_.answer as answer2_1_0_, quiz0_.options as options3_1_0_, quiz0_.text as text4_1_0_, quiz0_.title as title5_1_0_, quiz0_.userid as userid6_1_0_, user1_.id as id1_2_1_, user1_.email as email2_2_1_, user1_.password as password3_2_1_ from quizzes quiz0_ left outer join users user1_ on quiz0_.userid=user1_.id where quiz0_.id=?
?[1;31m
Start test 117?[0m
Hibernate: select user0_.id as id1_2_, user0_.email as email2_2_, user0_.password as password3_2_ from users user0_ where user0_.email=?
Hibernate: select quiz0_.id as id1_1_0_, quiz0_.answer as answer2_1_0_, quiz0_.options as options3_1_0_, quiz0_.text as text4_1_0_, quiz0_.title as title5_1_0_, quiz0_.userid as userid6_1_0_, user1_.id as id1_2_1_, user1_.email as email2_2_1_, user1_.password as password3_2_1_ from quizzes quiz0_ left outer join users user1_ on quiz0_.userid=user1_.id where quiz0_.id=?
?[1;31m
Start test 118?[0m
Hibernate: select user0_.id as id1_2_, user0_.email as email2_2_, user0_.password as password3_2_ from users user0_ where user0_.email=?
Hibernate: select user0_.id as id1_2_, user0_.email as email2_2_, user0_.password as password3_2_ from users user0_ where user0_.email=?
Hibernate: select user0_.id as id1_2_, user0_.email as email2_2_, user0_.password as password3_2_ from users user0_ where user0_.email=?
Hibernate: call next value for hibernate_sequence
Hibernate: insert into quizzes (answer, options, text, title, userid, id) values (?, ?, ?, ?, ?, ?)
?[1;31m
Start test 119?[0m
Hibernate: select user0_.id as id1_2_, user0_.email as email2_2_, user0_.password as password3_2_ from users user0_ where user0_.email=?
Hibernate: select quiz0_.id as id1_1_0_, quiz0_.answer as answer2_1_0_, quiz0_.options as options3_1_0_, quiz0_.text as text4_1_0_, quiz0_.title as title5_1_0_, quiz0_.userid as userid6_1_0_, user1_.id as id1_2_1_, user1_.email as email2_2_1_, user1_.password as password3_2_1_ from quizzes quiz0_ left outer join users user1_ on quiz0_.userid=user1_.id where quiz0_.id=?
?[1;31m
Start test 120?[0m
Hibernate: select user0_.id as id1_2_, user0_.email as email2_2_, user0_.password as password3_2_ from users user0_ where user0_.email=?
Hibernate: select quiz0_.id as id1_1_0_, quiz0_.answer as answer2_1_0_, quiz0_.options as options3_1_0_, quiz0_.text as text4_1_0_, quiz0_.title as title5_1_0_, quiz0_.userid as userid6_1_0_, user1_.id as id1_2_1_, user1_.email as email2_2_1_, user1_.password as password3_2_1_ from quizzes quiz0_ left outer join users user1_ on quiz0_.userid=user1_.id where quiz0_.id=?
?[1;31m
Start test 121?[0m
Hibernate: select user0_.id as id1_2_, user0_.email as email2_2_, user0_.password as password3_2_ from users user0_ where user0_.email=?
Hibernate: select quiz0_.id as id1_1_0_, quiz0_.answer as answer2_1_0_, quiz0_.options as options3_1_0_, quiz0_.text as text4_1_0_, quiz0_.title as title5_1_0_, quiz0_.userid as userid6_1_0_, user1_.id as id1_2_1_, user1_.email as email2_2_1_, user1_.password as password3_2_1_ from quizzes quiz0_ left outer join users user1_ on quiz0_.userid=user1_.id where quiz0_.id=?
Hibernate: select user0_.id as id1_2_, user0_.email as email2_2_, user0_.password as password3_2_ from users user0_ where user0_.email=?
Hibernate: select user0_.id as id1_2_, user0_.email as email2_2_, user0_.password as password3_2_ from users user0_ where user0_.email=?
Hibernate: call next value for hibernate_sequence
Hibernate: insert into completions (completed_at, id, userid, completionid) values (?, ?, ?, ?)
?[1;31m
Start test 122?[0m
Hibernate: select user0_.id as id1_2_, user0_.email as email2_2_, user0_.password as password3_2_ from users user0_ where user0_.email=?
Hibernate: select quiz0_.id as id1_1_0_, quiz0_.answer as answer2_1_0_, quiz0_.options as options3_1_0_, quiz0_.text as text4_1_0_, quiz0_.title as title5_1_0_, quiz0_.userid as userid6_1_0_, user1_.id as id1_2_1_, user1_.email as email2_2_1_, user1_.password as password3_2_1_ from quizzes quiz0_ left outer join users user1_ on quiz0_.userid=user1_.id where quiz0_.id=?
?[1;31m
Start test 123?[0m
Hibernate: select user0_.id as id1_2_, user0_.email as email2_2_, user0_.password as password3_2_ from users user0_ where user0_.email=?
Hibernate: select quiz0_.id as id1_1_0_, quiz0_.answer as answer2_1_0_, quiz0_.options as options3_1_0_, quiz0_.text as text4_1_0_, quiz0_.title as title5_1_0_, quiz0_.userid as userid6_1_0_, user1_.id as id1_2_1_, user1_.email as email2_2_1_, user1_.password as password3_2_1_ from quizzes quiz0_ left outer join users user1_ on quiz0_.userid=user1_.id where quiz0_.id=?
?[1;31m
Start test 124?[0m
Hibernate: select user0_.id as id1_2_, user0_.email as email2_2_, user0_.password as password3_2_ from users user0_ where user0_.email=?
Hibernate: select quiz0_.id as id1_1_0_, quiz0_.answer as answer2_1_0_, quiz0_.options as options3_1_0_, quiz0_.text as text4_1_0_, quiz0_.title as title5_1_0_, quiz0_.userid as userid6_1_0_, user1_.id as id1_2_1_, user1_.email as email2_2_1_, user1_.password as password3_2_1_ from quizzes quiz0_ left outer join users user1_ on quiz0_.userid=user1_.id where quiz0_.id=?
?[1;31m
Start test 125?[0m
Hibernate: select user0_.id as id1_2_, user0_.email as email2_2_, user0_.password as password3_2_ from users user0_ where user0_.email=?
Hibernate: select quiz0_.id as id1_1_0_, quiz0_.answer as answer2_1_0_, quiz0_.options as options3_1_0_, quiz0_.text as text4_1_0_, quiz0_.title as title5_1_0_, quiz0_.userid as userid6_1_0_, user1_.id as id1_2_1_, user1_.email as email2_2_1_, user1_.password as password3_2_1_ from quizzes quiz0_ left outer join users user1_ on quiz0_.userid=user1_.id where quiz0_.id=?
?[1;31m
Start test 126?[0m
Hibernate: select user0_.id as id1_2_, user0_.email as email2_2_, user0_.password as password3_2_ from users user0_ where user0_.email=?
Hibernate: select quiz0_.id as id1_1_0_, quiz0_.answer as answer2_1_0_, quiz0_.options as options3_1_0_, quiz0_.text as text4_1_0_, quiz0_.title as title5_1_0_, quiz0_.userid as userid6_1_0_, user1_.id as id1_2_1_, user1_.email as email2_2_1_, user1_.password as password3_2_1_ from quizzes quiz0_ left outer join users user1_ on quiz0_.userid=user1_.id where quiz0_.id=?
?[1;31m
Start test 127?[0m
Hibernate: select user0_.id as id1_2_, user0_.email as email2_2_, user0_.password as password3_2_ from users user0_ where user0_.email=?
Hibernate: select quiz0_.id as id1_1_0_, quiz0_.answer as answer2_1_0_, quiz0_.options as options3_1_0_, quiz0_.text as text4_1_0_, quiz0_.title as title5_1_0_, quiz0_.userid as userid6_1_0_, user1_.id as id1_2_1_, user1_.email as email2_2_1_, user1_.password as password3_2_1_ from quizzes quiz0_ left outer join users user1_ on quiz0_.userid=user1_.id where quiz0_.id=?
?[1;31m
Start test 128?[0m
Hibernate: select user0_.id as id1_2_, user0_.email as email2_2_, user0_.password as password3_2_ from users user0_ where user0_.email=?
Hibernate: select quiz0_.id as id1_1_0_, quiz0_.answer as answer2_1_0_, quiz0_.options as options3_1_0_, quiz0_.text as text4_1_0_, quiz0_.title as title5_1_0_, quiz0_.userid as userid6_1_0_, user1_.id as id1_2_1_, user1_.email as email2_2_1_, user1_.password as password3_2_1_ from quizzes quiz0_ left outer join users user1_ on quiz0_.userid=user1_.id where quiz0_.id=?
?[1;31m
Start test 129?[0m
Hibernate: select user0_.id as id1_2_, user0_.email as email2_2_, user0_.password as password3_2_ from users user0_ where user0_.email=?
Hibernate: select quiz0_.id as id1_1_0_, quiz0_.answer as answer2_1_0_, quiz0_.options as options3_1_0_, quiz0_.text as text4_1_0_, quiz0_.title as title5_1_0_, quiz0_.userid as userid6_1_0_, user1_.id as id1_2_1_, user1_.email as email2_2_1_, user1_.password as password3_2_1_ from quizzes quiz0_ left outer join users user1_ on quiz0_.userid=user1_.id where quiz0_.id=?
?[1;31m
Start test 130?[0m
Hibernate: select user0_.id as id1_2_, user0_.email as email2_2_, user0_.password as password3_2_ from users user0_ where user0_.email=?
Hibernate: select quiz0_.id as id1_1_0_, quiz0_.answer as answer2_1_0_, quiz0_.options as options3_1_0_, quiz0_.text as text4_1_0_, quiz0_.title as title5_1_0_, quiz0_.userid as userid6_1_0_, user1_.id as id1_2_1_, user1_.email as email2_2_1_, user1_.password as password3_2_1_ from quizzes quiz0_ left outer join users user1_ on quiz0_.userid=user1_.id where quiz0_.id=?
?[1;31m
Start test 131?[0m
Hibernate: select user0_.id as id1_2_, user0_.email as email2_2_, user0_.password as password3_2_ from users user0_ where user0_.email=?
Hibernate: select quiz0_.id as id1_1_0_, quiz0_.answer as answer2_1_0_, quiz0_.options as options3_1_0_, quiz0_.text as text4_1_0_, quiz0_.title as title5_1_0_, quiz0_.userid as userid6_1_0_, user1_.id as id1_2_1_, user1_.email as email2_2_1_, user1_.password as password3_2_1_ from quizzes quiz0_ left outer join users user1_ on quiz0_.userid=user1_.id where quiz0_.id=?
?[1;31m
Start test 132?[0m
Hibernate: select user0_.id as id1_2_, user0_.email as email2_2_, user0_.password as password3_2_ from users user0_ where user0_.email=?
Hibernate: select quiz0_.id as id1_1_0_, quiz0_.answer as answer2_1_0_, quiz0_.options as options3_1_0_, quiz0_.text as text4_1_0_, quiz0_.title as title5_1_0_, quiz0_.userid as userid6_1_0_, user1_.id as id1_2_1_, user1_.email as email2_2_1_, user1_.password as password3_2_1_ from quizzes quiz0_ left outer join users user1_ on quiz0_.userid=user1_.id where quiz0_.id=?
?[1;31m
Start test 133?[0m
Hibernate: select user0_.id as id1_2_, user0_.email as email2_2_, user0_.password as password3_2_ from users user0_ where user0_.email=?
[...]
?[1;31m
Start test 212?[0m
Hibernate: select user0_.id as id1_2_, user0_.email as email2_2_, user0_.password as password3_2_ from users user0_ where user0_.email=?
Hibernate: select quiz0_.id as id1_1_0_, quiz0_.answer as answer2_1_0_, quiz0_.options as options3_1_0_, quiz0_.text as text4_1_0_, quiz0_.title as title5_1_0_, quiz0_.userid as userid6_1_0_, user1_.id as id1_2_1_, user1_.email as email2_2_1_, user1_.password as password3_2_1_ from quizzes quiz0_ left outer join users user1_ on quiz0_.userid=user1_.id where quiz0_.id=?
?[1;31m
Start test 213?[0m
Hibernate: select user0_.id as id1_2_, user0_.email as email2_2_, user0_.password as password3_2_ from users user0_ where user0_.email=?
Hibernate: select quiz0_.id as id1_1_0_, quiz0_.answer as answer2_1_0_, quiz0_.options as options3_1_0_, quiz0_.text as text4_1_0_, quiz0_.title as title5_1_0_, quiz0_.userid as userid6_1_0_, user1_.id as id1_2_1_, user1_.email as email2_2_1_, user1_.password as password3_2_1_ from quizzes quiz0_ left outer join users user1_ on quiz0_.userid=user1_.id where quiz0_.id=?
?[1;31m
Start test 214?[0m
Hibernate: select user0_.id as id1_2_, user0_.email as email2_2_, user0_.password as password3_2_ from users user0_ where user0_.email=?
Hibernate: select quiz0_.id as id1_1_, quiz0_.answer as answer2_1_, quiz0_.options as options3_1_, quiz0_.text as text4_1_, quiz0_.title as title5_1_, quiz0_.userid as userid6_1_ from quizzes quiz0_ order by quiz0_.id asc limit ?
Hibernate: select user0_.id as id1_2_0_, user0_.email as email2_2_0_, user0_.password as password3_2_0_ from users user0_ where user0_.id=?
?[1;31m
Start test 215?[0m
2020-12-14 11:40:31.973  INFO 9984 --- [      Thread-12] o.s.s.concurrent.ThreadPoolTaskExecutor  : Shutting down ExecutorService 'applicationTaskExecutor'
2020-12-14 11:40:31.975  INFO 9984 --- [      Thread-12] j.LocalContainerEntityManagerFactoryBean : Closing JPA EntityManagerFactory for persistence unit 'default'
2020-12-14 11:40:31.977  INFO 9984 --- [      Thread-12] com.zaxxer.hikari.HikariDataSource       : HikariPool-3 - Shutdown initiated...
2020-12-14 11:40:32.045  INFO 9984 --- [      Thread-12] com.zaxxer.hikari.HikariDataSource       : HikariPool-3 - Shutdown completed.

  .   ____          _            __ _ _
 /\\ / ___'_ __ _ _(_)_ __  __ _ \ \ \ \
( ( )\___ | '_ | '_| | '_ \/ _` | \ \ \ \
 \\/  ___)| |_)| | | | | || (_| |  ) ) ) )
  '  |____| .__|_| |_|_| |_\__, | / / / /
 =========|_|==============|___/=/_/_/_/
 :: Spring Boot ::        (v2.2.2.RELEASE)

2020-12-14 11:40:32.089  INFO 9984 --- [    Test worker] engine.WebQuizEngine                     : Starting WebQuizEngine on liutao2 with PID 9984 (started by lt in C:\Users\lt\IdeaProjects\Web Quiz Engine\Web Quiz Engine\task)
2020-12-14 11:40:32.089  INFO 9984 --- [    Test worker] engine.WebQuizEngine                     : No active profile set, falling back to default profiles: default
2020-12-14 11:40:32.254  INFO 9984 --- [      Thread-12] o.apache.catalina.core.StandardService   : Stopping service [Tomcat]
2020-12-14 11:40:32.258  INFO 9984 --- [      Thread-12] o.a.c.c.C.[Tomcat].[localhost].[/]       : Destroying Spring FrameworkServlet 'dispatcherServlet'
2020-12-14 11:40:32.359  INFO 9984 --- [    Test worker] .s.d.r.c.RepositoryConfigurationDelegate : Bootstrapping Spring Data JPA repositories in DEFAULT mode.
2020-12-14 11:40:32.376  INFO 9984 --- [    Test worker] .s.d.r.c.RepositoryConfigurationDelegate : Finished Spring Data repository scanning in 17ms. Found 3 JPA repository interfaces.
2020-12-14 11:40:32.436  INFO 9984 --- [    Test worker] trationDelegate$BeanPostProcessorChecker : Bean 'org.springframework.transaction.annotation.ProxyTransactionManagementConfiguration' of type [org.springframework.transaction.annotation.ProxyTransactionManagementConfiguration] is not eligible for getting processed by all BeanPostProcessors (for example: not eligible for auto-proxying)
2020-12-14 11:40:32.465  WARN 9984 --- [    Test worker] org.apache.tomcat.util.modeler.Registry  : The MBean registry cannot be disabled because it has already been initialised
2020-12-14 11:40:32.472  INFO 9984 --- [    Test worker] o.s.b.w.embedded.tomcat.TomcatWebServer  : Tomcat initialized with port(s): 8889 (http)
2020-12-14 11:40:32.473  INFO 9984 --- [    Test worker] o.apache.catalina.core.StandardService   : Starting service [Tomcat]
2020-12-14 11:40:32.473  INFO 9984 --- [    Test worker] org.apache.catalina.core.StandardEngine  : Starting Servlet engine: [Apache Tomcat/9.0.29]
2020-12-14 11:40:32.496  INFO 9984 --- [    Test worker] o.a.c.c.C.[Tomcat].[localhost].[/]       : Initializing Spring embedded WebApplicationContext
2020-12-14 11:40:32.496  INFO 9984 --- [    Test worker] o.s.web.context.ContextLoader            : Root WebApplicationContext: initialization completed in 405 ms
2020-12-14 11:40:32.538  INFO 9984 --- [    Test worker] com.zaxxer.hikari.HikariDataSource       : HikariPool-4 - Starting...
2020-12-14 11:40:32.545  INFO 9984 --- [    Test worker] com.zaxxer.hikari.HikariDataSource       : HikariPool-4 - Start completed.
2020-12-14 11:40:32.545  INFO 9984 --- [    Test worker] o.s.b.a.h2.H2ConsoleAutoConfiguration    : H2 console available at '/h2-console'. Database available at 'jdbc:h2:file:../quizdb'
2020-12-14 11:40:32.639  INFO 9984 --- [    Test worker] o.hibernate.jpa.internal.util.LogHelper  : HHH000204: Processing PersistenceUnitInfo [name: default]
2020-12-14 11:40:32.645  INFO 9984 --- [    Test worker] org.hibernate.dialect.Dialect            : HHH000400: Using dialect: org.hibernate.dialect.H2Dialect
2020-12-14 11:40:32.717  INFO 9984 --- [    Test worker] o.h.e.t.j.p.i.JtaPlatformInitiator       : HHH000490: Using JtaPlatform implementation: [org.hibernate.engine.transaction.jta.platform.internal.NoJtaPlatform]
2020-12-14 11:40:32.717  INFO 9984 --- [    Test worker] j.LocalContainerEntityManagerFactoryBean : Initialized JPA EntityManagerFactory for persistence unit 'default'
2020-12-14 11:40:32.782  WARN 9984 --- [    Test worker] JpaBaseConfiguration$JpaWebConfiguration : spring.jpa.open-in-view is enabled by default. Therefore, database queries may be performed during view rendering. Explicitly configure spring.jpa.open-in-view to disable this warning
2020-12-14 11:40:32.815  INFO 9984 --- [    Test worker] o.s.s.web.DefaultSecurityFilterChain     : Creating filter chain: any request, [org.springframework.security.web.context.request.async.WebAsyncManagerIntegrationFilter@60f8afa2, org.springframework.security.web.context.SecurityContextPersistenceFilter@5517ddcf, org.springframework.security.web.header.HeaderWriterFilter@79210061, org.springframework.security.web.authentication.logout.LogoutFilter@64672abb, org.springframework.security.web.authentication.www.BasicAuthenticationFilter@724ae42e, org.springframework.security.web.savedrequest.RequestCacheAwareFilter@357469f0, org.springframework.security.web.servletapi.SecurityContextHolderAwareRequestFilter@44275537, org.springframework.security.web.authentication.AnonymousAuthenticationFilter@f572078, org.springframework.security.web.session.SessionManagementFilter@4dc0cb2f, org.springframework.security.web.access.ExceptionTranslationFilter@316a2d30, org.springframework.security.web.access.intercept.FilterSecurityInterceptor@2bba6cde]
2020-12-14 11:40:32.861  INFO 9984 --- [    Test worker] o.s.s.concurrent.ThreadPoolTaskExecutor  : Initializing ExecutorService 'applicationTaskExecutor'
2020-12-14 11:40:32.989  INFO 9984 --- [    Test worker] o.s.b.a.e.web.EndpointLinksResolver      : Exposing 14 endpoint(s) beneath base path '/actuator'
2020-12-14 11:40:33.007  INFO 9984 --- [    Test worker] o.s.b.w.embedded.tomcat.TomcatWebServer  : Tomcat started on port(s): 8889 (http) with context path ''
2020-12-14 11:40:33.007  INFO 9984 --- [    Test worker] engine.WebQuizEngine                     : Started WebQuizEngine in 0.937 seconds (JVM running for 32.169)
?[1;31m
Start test 216?[0m
2020-12-14 11:40:33.013  INFO 9984 --- [nio-8889-exec-1] o.a.c.c.C.[Tomcat].[localhost].[/]       : Initializing Spring DispatcherServlet 'dispatcherServlet'
2020-12-14 11:40:33.013  INFO 9984 --- [nio-8889-exec-1] o.s.web.servlet.DispatcherServlet        : Initializing Servlet 'dispatcherServlet'
2020-12-14 11:40:33.016  INFO 9984 --- [nio-8889-exec-1] o.s.web.servlet.DispatcherServlet        : Completed initialization in 3 ms
Hibernate: select user0_.id as id1_2_, user0_.email as email2_2_, user0_.password as password3_2_ from users user0_ where user0_.email=?
Hibernate: select quiz0_.id as id1_1_, quiz0_.answer as answer2_1_, quiz0_.options as options3_1_, quiz0_.text as text4_1_, quiz0_.title as title5_1_, quiz0_.userid as userid6_1_ from quizzes quiz0_ order by quiz0_.id asc limit ?
Hibernate: select user0_.id as id1_2_0_, user0_.email as email2_2_0_, user0_.password as password3_2_0_ from users user0_ where user0_.id=?
?[1;31m
Start test 217?[0m
Hibernate: select user0_.id as id1_2_, user0_.email as email2_2_, user0_.password as password3_2_ from users user0_ where user0_.email=?
Hibernate: select quiz0_.id as id1_1_0_, quiz0_.answer as answer2_1_0_, quiz0_.options as options3_1_0_, quiz0_.text as text4_1_0_, quiz0_.title as title5_1_0_, quiz0_.userid as userid6_1_0_, user1_.id as id1_2_1_, user1_.email as email2_2_1_, user1_.password as password3_2_1_ from quizzes quiz0_ left outer join users user1_ on quiz0_.userid=user1_.id where quiz0_.id=?
?[1;31m
Start test 218?[0m
Hibernate: select user0_.id as id1_2_, user0_.email as email2_2_, user0_.password as password3_2_ from users user0_ where user0_.email=?
Hibernate: select quiz0_.id as id1_1_0_, quiz0_.answer as answer2_1_0_, quiz0_.options as options3_1_0_, quiz0_.text as text4_1_0_, quiz0_.title as title5_1_0_, quiz0_.userid as userid6_1_0_, user1_.id as id1_2_1_, user1_.email as email2_2_1_, user1_.password as password3_2_1_ from quizzes quiz0_ left outer join users user1_ on quiz0_.userid=user1_.id where quiz0_.id=?
?[1;31m
Start test 219?[0m
Hibernate: select user0_.id as id1_2_, user0_.email as email2_2_, user0_.password as password3_2_ from users user0_ where user0_.email=?
Hibernate: select quiz0_.id as id1_1_0_, quiz0_.answer as answer2_1_0_, quiz0_.options as options3_1_0_, quiz0_.text as text4_1_0_, quiz0_.title as title5_1_0_, quiz0_.userid as userid6_1_0_, user1_.id as id1_2_1_, user1_.email as email2_2_1_, user1_.password as password3_2_1_ from quizzes quiz0_ left outer join users user1_ on quiz0_.userid=user1_.id where quiz0_.id=?
?[1;31m
Start test 220?[0m
Hibernate: select user0_.id as id1_2_, user0_.email as email2_2_, user0_.password as password3_2_ from users user0_ where user0_.email=?
Hibernate: select quiz0_.id as id1_1_0_, quiz0_.answer as answer2_1_0_, quiz0_.options as options3_1_0_, quiz0_.text as text4_1_0_, quiz0_.title as title5_1_0_, quiz0_.userid as userid6_1_0_, user1_.id as id1_2_1_, user1_.email as email2_2_1_, user1_.password as password3_2_1_ from quizzes quiz0_ left outer join users user1_ on quiz0_.userid=user1_.id where quiz0_.id=?
?[1;31m
Start test 221?[0m
Hibernate: select user0_.id as id1_2_, user0_.email as email2_2_, user0_.password as password3_2_ from users user0_ where user0_.email=?
Hibernate: select user0_.id as id1_2_, user0_.email as email2_2_, user0_.password as password3_2_ from users user0_ where user0_.email=?
Hibernate: select user0_.id as id1_2_, user0_.email as email2_2_, user0_.password as password3_2_ from users user0_ where user0_.email=?
Hibernate: call next value for hibernate_sequence
Hibernate: insert into quizzes (answer, options, text, title, userid, id) values (?, ?, ?, ?, ?, ?)
?[1;31m
Start test 222?[0m
Hibernate: select user0_.id as id1_2_, user0_.email as email2_2_, user0_.password as password3_2_ from users user0_ where user0_.email=?
Hibernate: select user0_.id as id1_2_, user0_.email as email2_2_, user0_.password as password3_2_ from users user0_ where user0_.email=?
Hibernate: select user0_.id as id1_2_, user0_.email as email2_2_, user0_.password as password3_2_ from users user0_ where user0_.email=?
Hibernate: call next value for hibernate_sequence
Hibernate: insert into quizzes (answer, options, text, title, userid, id) values (?, ?, ?, ?, ?, ?)
?[1;31m
Start test 223?[0m
Hibernate: select user0_.id as id1_2_, user0_.email as email2_2_, user0_.password as password3_2_ from users user0_ where user0_.email=?
Hibernate: select user0_.id as id1_2_, user0_.email as email2_2_, user0_.password as password3_2_ from users user0_ where user0_.email=?
Hibernate: select user0_.id as id1_2_, user0_.email as email2_2_, user0_.password as password3_2_ from users user0_ where user0_.email=?
Hibernate: call next value for hibernate_sequence
Hibernate: insert into quizzes (answer, options, text, title, userid, id) values (?, ?, ?, ?, ?, ?)
?[1;31m
Start test 224?[0m
Hibernate: select user0_.id as id1_2_, user0_.email as email2_2_, user0_.password as password3_2_ from users user0_ where user0_.email=?
Hibernate: select user0_.id as id1_2_, user0_.email as email2_2_, user0_.password as password3_2_ from users user0_ where user0_.email=?
Hibernate: select user0_.id as id1_2_, user0_.email as email2_2_, user0_.password as password3_2_ from users user0_ where user0_.email=?
Hibernate: call next value for hibernate_sequence
Hibernate: insert into quizzes (answer, options, text, title, userid, id) values (?, ?, ?, ?, ?, ?)
?[1;31m
Start test 225?[0m
Hibernate: select user0_.id as id1_2_, user0_.email as email2_2_, user0_.password as password3_2_ from users user0_ where user0_.email=?
Hibernate: select user0_.id as id1_2_, user0_.email as email2_2_, user0_.password as password3_2_ from users user0_ where user0_.email=?
Hibernate: select user0_.id as id1_2_, user0_.email as email2_2_, user0_.password as password3_2_ from users user0_ where user0_.email=?
Hibernate: call next value for hibernate_sequence
Hibernate: insert into quizzes (answer, options, text, title, userid, id) values (?, ?, ?, ?, ?, ?)
?[1;31m
Start test 226?[0m
Hibernate: select user0_.id as id1_2_, user0_.email as email2_2_, user0_.password as password3_2_ from users user0_ where user0_.email=?
Hibernate: select user0_.id as id1_2_, user0_.email as email2_2_, user0_.password as password3_2_ from users user0_ where user0_.email=?
Hibernate: select user0_.id as id1_2_, user0_.email as email2_2_, user0_.password as password3_2_ from users user0_ where user0_.email=?
Hibernate: call next value for hibernate_sequence
Hibernate: insert into quizzes (answer, options, text, title, userid, id) values (?, ?, ?, ?, ?, ?)
?[1;31m
Start test 227?[0m
Hibernate: select user0_.id as id1_2_, user0_.email as email2_2_, user0_.password as password3_2_ from users user0_ where user0_.email=?
Hibernate: select user0_.id as id1_2_, user0_.email as email2_2_, user0_.password as password3_2_ from users user0_ where user0_.email=?
Hibernate: select user0_.id as id1_2_, user0_.email as email2_2_, user0_.password as password3_2_ from users user0_ where user0_.email=?
Hibernate: call next value for hibernate_sequence
Hibernate: insert into quizzes (answer, options, text, title, userid, id) values (?, ?, ?, ?, ?, ?)
?[1;31m
Start test 228?[0m
Hibernate: select user0_.id as id1_2_, user0_.email as email2_2_, user0_.password as password3_2_ from users user0_ where user0_.email=?
Hibernate: select user0_.id as id1_2_, user0_.email as email2_2_, user0_.password as password3_2_ from users user0_ where user0_.email=?
Hibernate: select user0_.id as id1_2_, user0_.email as email2_2_, user0_.password as password3_2_ from users user0_ where user0_.email=?
Hibernate: call next value for hibernate_sequence
Hibernate: insert into quizzes (answer, options, text, title, userid, id) values (?, ?, ?, ?, ?, ?)
?[1;31m
Start test 229?[0m
Hibernate: select user0_.id as id1_2_, user0_.email as email2_2_, user0_.password as password3_2_ from users user0_ where user0_.email=?
Hibernate: select user0_.id as id1_2_, user0_.email as email2_2_, user0_.password as password3_2_ from users user0_ where user0_.email=?
Hibernate: select user0_.id as id1_2_, user0_.email as email2_2_, user0_.password as password3_2_ from users user0_ where user0_.email=?
Hibernate: call next value for hibernate_sequence
Hibernate: insert into quizzes (answer, options, text, title, userid, id) values (?, ?, ?, ?, ?, ?)
?[1;31m
Start test 230?[0m
Hibernate: select user0_.id as id1_2_, user0_.email as email2_2_, user0_.password as password3_2_ from users user0_ where user0_.email=?
Hibernate: select user0_.id as id1_2_, user0_.email as email2_2_, user0_.password as password3_2_ from users user0_ where user0_.email=?
Hibernate: select user0_.id as id1_2_, user0_.email as email2_2_, user0_.password as password3_2_ from users user0_ where user0_.email=?
Hibernate: call next value for hibernate_sequence
Hibernate: insert into quizzes (answer, options, text, title, userid, id) values (?, ?, ?, ?, ?, ?)
?[1;31m
Start test 231?[0m
Hibernate: select user0_.id as id1_2_, user0_.email as email2_2_, user0_.password as password3_2_ from users user0_ where user0_.email=?
Hibernate: select quiz0_.id as id1_1_, quiz0_.answer as answer2_1_, quiz0_.options as options3_1_, quiz0_.text as text4_1_, quiz0_.title as title5_1_, quiz0_.userid as userid6_1_ from quizzes quiz0_ order by quiz0_.id asc limit ?
Hibernate: select user0_.id as id1_2_0_, user0_.email as email2_2_0_, user0_.password as password3_2_0_ from users user0_ where user0_.id=?
Hibernate: select user0_.id as id1_2_0_, user0_.email as email2_2_0_, user0_.password as password3_2_0_ from users user0_ where user0_.id=?
Hibernate: select count(quiz0_.id) as col_0_0_ from quizzes quiz0_
?[1;31m
Start test 232?[0m
Hibernate: select user0_.id as id1_2_, user0_.email as email2_2_, user0_.password as password3_2_ from users user0_ where user0_.email=?
Hibernate: select quiz0_.id as id1_1_, quiz0_.answer as answer2_1_, quiz0_.options as options3_1_, quiz0_.text as text4_1_, quiz0_.title as title5_1_, quiz0_.userid as userid6_1_ from quizzes quiz0_ order by quiz0_.id asc limit ?
Hibernate: select user0_.id as id1_2_0_, user0_.email as email2_2_0_, user0_.password as password3_2_0_ from users user0_ where user0_.id=?
Hibernate: select user0_.id as id1_2_0_, user0_.email as email2_2_0_, user0_.password as password3_2_0_ from users user0_ where user0_.id=?
Hibernate: select count(quiz0_.id) as col_0_0_ from quizzes quiz0_
?[1;31m
Start test 233?[0m
Hibernate: select user0_.id as id1_2_, user0_.email as email2_2_, user0_.password as password3_2_ from users user0_ where user0_.email=?
Hibernate: select quiz0_.id as id1_1_, quiz0_.answer as answer2_1_, quiz0_.options as options3_1_, quiz0_.text as text4_1_, quiz0_.title as title5_1_, quiz0_.userid as userid6_1_ from quizzes quiz0_ order by quiz0_.id asc limit ? offset ?
Hibernate: select user0_.id as id1_2_0_, user0_.email as email2_2_0_, user0_.password as password3_2_0_ from users user0_ where user0_.id=?
Hibernate: select user0_.id as id1_2_0_, user0_.email as email2_2_0_, user0_.password as password3_2_0_ from users user0_ where user0_.id=?
?[1;31m
Start test 234?[0m
Hibernate: select user0_.id as id1_2_, user0_.email as email2_2_, user0_.password as password3_2_ from users user0_ where user0_.email=?
Hibernate: select quiz0_.id as id1_1_, quiz0_.answer as answer2_1_, quiz0_.options as options3_1_, quiz0_.text as text4_1_, quiz0_.title as title5_1_, quiz0_.userid as userid6_1_ from quizzes quiz0_ order by quiz0_.id asc limit ? offset ?
Hibernate: select user0_.id as id1_2_0_, user0_.email as email2_2_0_, user0_.password as password3_2_0_ from users user0_ where user0_.id=?
Hibernate: select user0_.id as id1_2_0_, user0_.email as email2_2_0_, user0_.password as password3_2_0_ from users user0_ where user0_.id=?
]]></system-out>
  <system-err><![CDATA[]]></system-err>
</testsuite>
